#
# There is insufficient memory for the Java Runtime Environment to continue.
# Native memory allocation (malloc) failed to allocate 1026576 bytes for Chunk::new
# Possible reasons:
#   The system is out of physical RAM or swap space
#   The process is running with CompressedOops enabled, and the Java Heap may be blocking the growth of the native heap
# Possible solutions:
#   Reduce memory load on the system
#   Increase physical memory or swap space
#   Check if swap backing store is full
#   Decrease Java heap size (-Xmx/-Xms)
#   Decrease number of Java threads
#   Decrease Java thread stack sizes (-Xss)
#   Set larger code cache with -XX:ReservedCodeCacheSize=
#   JVM is running with Unscaled Compressed Oops mode in which the Java heap is
#     placed in the first 4GB address space. The Java Heap base address is the
#     maximum limit for the native heap growth. Please use -XX:HeapBaseMinAddress
#     to set the Java Heap base and to place the Java Heap above 4GB virtual address.
# This output file may be truncated or incomplete.
#
#  Out of Memory Error (allocation.cpp:389), pid=10568, tid=0x0000000000002d24
#
# JRE version: Java(TM) SE Runtime Environment (8.0_221-b11) (build 1.8.0_221-b11)
# Java VM: Java HotSpot(TM) 64-Bit Server VM (25.221-b11 mixed mode windows-amd64 compressed oops)
# Failed to write core dump. Minidumps are not enabled by default on client versions of Windows
#

---------------  T H R E A D  ---------------

Current thread (0x0000000014d28000):  JavaThread "C2 CompilerThread1" daemon [_thread_in_native, id=11556, stack(0x0000000016450000,0x0000000016550000)]

Stack: [0x0000000016450000,0x0000000016550000]
[error occurred during error reporting (printing stack bounds), id 0xc0000005]

Native frames: (J=compiled Java code, j=interpreted, Vv=VM code, C=native code)


Current CompileTask:
C2:   9376 2313       4       javafx.scene.CssStyleHelper::resolveRef (185 bytes)


---------------  P R O C E S S  ---------------

Java Threads: ( => current thread )
  0x000000001bffd800 JavaThread "Prism Font Disposer" daemon [_thread_blocked, id=14472, stack(0x000000001dbf0000,0x000000001dcf0000)]
  0x000000001bd9d800 JavaThread "Thread-3" daemon [_thread_in_native, id=10688, stack(0x000000001c550000,0x000000001c650000)]
  0x00000000168c9800 JavaThread "JavaFX Application Thread" [_thread_in_Java, id=16056, stack(0x0000000017380000,0x0000000017480000)]
  0x0000000016881800 JavaThread "Thread-2" daemon [_thread_blocked, id=5800, stack(0x0000000017280000,0x0000000017380000)]
  0x0000000016886800 JavaThread "QuantumRenderer-0" daemon [_thread_blocked, id=10784, stack(0x0000000016f70000,0x0000000017070000)]
  0x0000000016847000 JavaThread "JavaFX-Launcher" [_thread_blocked, id=14452, stack(0x0000000016c50000,0x0000000016d50000)]
  0x0000000016579000 JavaThread "Service Thread" daemon [_thread_blocked, id=13784, stack(0x0000000016a50000,0x0000000016b50000)]
  0x0000000016558800 JavaThread "C1 CompilerThread2" daemon [_thread_in_native, id=13712, stack(0x0000000016950000,0x0000000016a50000)]
=>0x0000000014d28000 JavaThread "C2 CompilerThread1" daemon [_thread_in_native, id=11556, stack(0x0000000016450000,0x0000000016550000)]
  0x0000000014cce000 JavaThread "C2 CompilerThread0" daemon [_thread_in_native, id=14092, stack(0x0000000016350000,0x0000000016450000)]
  0x0000000014ccc000 JavaThread "Attach Listener" daemon [_thread_blocked, id=15628, stack(0x0000000016250000,0x0000000016350000)]
  0x0000000014ccb000 JavaThread "Signal Dispatcher" daemon [_thread_blocked, id=1160, stack(0x0000000016150000,0x0000000016250000)]
  0x0000000014cba800 JavaThread "Finalizer" daemon [_thread_blocked, id=3692, stack(0x0000000015f30000,0x0000000016030000)]
  0x0000000014c99000 JavaThread "Reference Handler" daemon [_thread_blocked, id=10732, stack(0x0000000015e30000,0x0000000015f30000)]
  0x000000000256e000 JavaThread "main" [_thread_blocked, id=4228, stack(0x0000000002410000,0x0000000002510000)]

Other Threads:
  0x0000000014c97800 VMThread [stack: 0x0000000015d30000,0x0000000015e30000] [id=9712]
  0x000000001657a000 WatcherThread [stack: 0x0000000016b50000,0x0000000016c50000] [id=6508]

VM state:not at safepoint (normal execution)

VM Mutex/Monitor currently owned by a thread: None

heap address: 0x00000000c1400000, size: 1004 MB, Compressed Oops mode: 32-bit
Narrow klass base: 0x0000000000000000, Narrow klass shift: 3
Compressed class space size: 1073741824 Address: 0x0000000100000000

Heap:
 PSYoungGen      total 18944K, used 18934K [0x00000000eb180000, 0x00000000ed680000, 0x0000000100000000)
  eden space 16384K, 100% used [0x00000000eb180000,0x00000000ec180000,0x00000000ec180000)
  from space 2560K, 99% used [0x00000000ed400000,0x00000000ed67db70,0x00000000ed680000)
  to   space 2560K, 0% used [0x00000000ec180000,0x00000000ec180000,0x00000000ec400000)
 ParOldGen       total 44032K, used 27629K [0x00000000c1400000, 0x00000000c3f00000, 0x00000000eb180000)
  object space 44032K, 62% used [0x00000000c1400000,0x00000000c2efb538,0x00000000c3f00000)
 Metaspace       used 17650K, capacity 18444K, committed 18688K, reserved 1064960K
  class space    used 2546K, capacity 2733K, committed 2816K, reserved 1048576K

Card table byte_map: [0x0000000011a80000,0x0000000011c80000] byte_map_base: 0x0000000011476000

Marking Bits: (ParMarkBitMap*) 0x0000000061675ce0
 Begin Bits: [0x00000000121d0000, 0x0000000013180000)
 End Bits:   [0x0000000013180000, 0x0000000014130000)

Polling page: 0x0000000000a70000

CodeCache: size=245760Kb used=8242Kb max_used=8242Kb free=237517Kb
 bounds [0x00000000026c0000, 0x0000000002ee0000, 0x00000000116c0000]
 total_blobs=3169 nmethods=2508 adapters=573
 compilation: enabled

Compilation events (10 events):
Event: 9.276 Thread 0x0000000016558800 nmethod 2521 0x0000000002ecfbd0 code [0x0000000002ecfd40, 0x0000000002ecfe88]
Event: 9.276 Thread 0x0000000016558800 2525       2       java.util.ArrayList::<init> (67 bytes)
Event: 9.276 Thread 0x0000000016558800 nmethod 2525 0x0000000002ecff50 code [0x0000000002ed00c0, 0x0000000002ed0318]
Event: 9.277 Thread 0x0000000016558800 2526       2       javafx.scene.Node::setPickOnBounds (9 bytes)
Event: 9.278 Thread 0x0000000016558800 nmethod 2526 0x0000000002ed0410 code [0x0000000002ed0580, 0x0000000002ed07a8]
Event: 9.278 Thread 0x0000000016558800 2528       2       javafx.scene.Node::disabledProperty (8 bytes)
Event: 9.278 Thread 0x0000000016558800 nmethod 2528 0x0000000002ed0890 code [0x0000000002ed0a00, 0x0000000002ed0ce8]
Event: 9.278 Thread 0x0000000016558800 2527       2       javafx.scene.Node::pickOnBoundsProperty (26 bytes)
Event: 9.279 Thread 0x0000000016558800 nmethod 2527 0x0000000002ed0e50 code [0x0000000002ed0fa0, 0x0000000002ed11b0]
Event: 9.279 Thread 0x0000000016558800 2529       2       javafx.scene.Node$1::invalidated (236 bytes)

GC Heap History (10 events):
Event: 2.441 GC heap before
{Heap before GC invocations=2 (full 0):
 PSYoungGen      total 18944K, used 18915K [0x00000000eb180000, 0x00000000ec680000, 0x0000000100000000)
  eden space 16384K, 100% used [0x00000000eb180000,0x00000000ec180000,0x00000000ec180000)
  from space 2560K, 98% used [0x00000000ec180000,0x00000000ec3f8e28,0x00000000ec400000)
  to   space 2560K, 0% used [0x00000000ec400000,0x00000000ec400000,0x00000000ec680000)
 ParOldGen       total 44032K, used 2307K [0x00000000c1400000, 0x00000000c3f00000, 0x00000000eb180000)
  object space 44032K, 5% used [0x00000000c1400000,0x00000000c1640e38,0x00000000c3f00000)
 Metaspace       used 14455K, capacity 14932K, committed 15104K, reserved 1062912K
  class space    used 2145K, capacity 2279K, committed 2304K, reserved 1048576K
Event: 2.448 GC heap after
Heap after GC invocations=2 (full 0):
 PSYoungGen      total 18944K, used 2534K [0x00000000eb180000, 0x00000000ec680000, 0x0000000100000000)
  eden space 16384K, 0% used [0x00000000eb180000,0x00000000eb180000,0x00000000ec180000)
  from space 2560K, 99% used [0x00000000ec400000,0x00000000ec679b90,0x00000000ec680000)
  to   space 2560K, 0% used [0x00000000ec180000,0x00000000ec180000,0x00000000ec400000)
 ParOldGen       total 44032K, used 7710K [0x00000000c1400000, 0x00000000c3f00000, 0x00000000eb180000)
  object space 44032K, 17% used [0x00000000c1400000,0x00000000c1b87be8,0x00000000c3f00000)
 Metaspace       used 14455K, capacity 14932K, committed 15104K, reserved 1062912K
  class space    used 2145K, capacity 2279K, committed 2304K, reserved 1048576K
}
Event: 4.196 GC heap before
{Heap before GC invocations=3 (full 0):
 PSYoungGen      total 18944K, used 16736K [0x00000000eb180000, 0x00000000ec680000, 0x0000000100000000)
  eden space 16384K, 86% used [0x00000000eb180000,0x00000000ebf5e6f8,0x00000000ec180000)
  from space 2560K, 99% used [0x00000000ec400000,0x00000000ec679b90,0x00000000ec680000)
  to   space 2560K, 0% used [0x00000000ec180000,0x00000000ec180000,0x00000000ec400000)
 ParOldGen       total 44032K, used 7710K [0x00000000c1400000, 0x00000000c3f00000, 0x00000000eb180000)
  object space 44032K, 17% used [0x00000000c1400000,0x00000000c1b87be8,0x00000000c3f00000)
 Metaspace       used 16089K, capacity 16784K, committed 16896K, reserved 1062912K
  class space    used 2357K, capacity 2510K, committed 2560K, reserved 1048576K
Event: 4.231 GC heap after
Heap after GC invocations=3 (full 0):
 PSYoungGen      total 18944K, used 2550K [0x00000000eb180000, 0x00000000ed680000, 0x0000000100000000)
  eden space 16384K, 0% used [0x00000000eb180000,0x00000000eb180000,0x00000000ec180000)
  from space 2560K, 99% used [0x00000000ec180000,0x00000000ec3fdb70,0x00000000ec400000)
  to   space 2560K, 0% used [0x00000000ed400000,0x00000000ed400000,0x00000000ed680000)
 ParOldGen       total 44032K, used 13457K [0x00000000c1400000, 0x00000000c3f00000, 0x00000000eb180000)
  object space 44032K, 30% used [0x00000000c1400000,0x00000000c21246e8,0x00000000c3f00000)
 Metaspace       used 16089K, capacity 16784K, committed 16896K, reserved 1062912K
  class space    used 2357K, capacity 2510K, committed 2560K, reserved 1048576K
}
Event: 6.730 GC heap before
{Heap before GC invocations=4 (full 0):
 PSYoungGen      total 18944K, used 15416K [0x00000000eb180000, 0x00000000ed680000, 0x0000000100000000)
  eden space 16384K, 78% used [0x00000000eb180000,0x00000000ebe105e0,0x00000000ec180000)
  from space 2560K, 99% used [0x00000000ec180000,0x00000000ec3fdb70,0x00000000ec400000)
  to   space 2560K, 0% used [0x00000000ed400000,0x00000000ed400000,0x00000000ed680000)
 ParOldGen       total 44032K, used 13457K [0x00000000c1400000, 0x00000000c3f00000, 0x00000000eb180000)
  object space 44032K, 30% used [0x00000000c1400000,0x00000000c21246e8,0x00000000c3f00000)
 Metaspace       used 16249K, capacity 16948K, committed 17152K, reserved 1064960K
  class space    used 2364K, capacity 2516K, committed 2560K, reserved 1048576K
Event: 6.744 GC heap after
Heap after GC invocations=4 (full 0):
 PSYoungGen      total 18944K, used 2550K [0x00000000eb180000, 0x00000000ed680000, 0x0000000100000000)
  eden space 16384K, 0% used [0x00000000eb180000,0x00000000eb180000,0x00000000ec180000)
  from space 2560K, 99% used [0x00000000ed400000,0x00000000ed67db70,0x00000000ed680000)
  to   space 2560K, 0% used [0x00000000ec180000,0x00000000ec180000,0x00000000ec400000)
 ParOldGen       total 44032K, used 21700K [0x00000000c1400000, 0x00000000c3f00000, 0x00000000eb180000)
  object space 44032K, 49% used [0x00000000c1400000,0x00000000c29310f8,0x00000000c3f00000)
 Metaspace       used 16249K, capacity 16948K, committed 17152K, reserved 1064960K
  class space    used 2364K, capacity 2516K, committed 2560K, reserved 1048576K
}
Event: 8.335 GC heap before
{Heap before GC invocations=5 (full 0):
 PSYoungGen      total 18944K, used 18934K [0x00000000eb180000, 0x00000000ed680000, 0x0000000100000000)
  eden space 16384K, 100% used [0x00000000eb180000,0x00000000ec180000,0x00000000ec180000)
  from space 2560K, 99% used [0x00000000ed400000,0x00000000ed67db70,0x00000000ed680000)
  to   space 2560K, 0% used [0x00000000ec180000,0x00000000ec180000,0x00000000ec400000)
 ParOldGen       total 44032K, used 21700K [0x00000000c1400000, 0x00000000c3f00000, 0x00000000eb180000)
  object space 44032K, 49% used [0x00000000c1400000,0x00000000c29310f8,0x00000000c3f00000)
 Metaspace       used 16947K, capacity 17632K, committed 17792K, reserved 1064960K
  class space    used 2461K, capacity 2639K, committed 2688K, reserved 1048576K
Event: 8.368 GC heap after
Heap after GC invocations=5 (full 0):
 PSYoungGen      total 18944K, used 2550K [0x00000000eb180000, 0x00000000ed680000, 0x0000000100000000)
  eden space 16384K, 0% used [0x00000000eb180000,0x00000000eb180000,0x00000000ec180000)
  from space 2560K, 99% used [0x00000000ec180000,0x00000000ec3fdb70,0x00000000ec400000)
  to   space 2560K, 0% used [0x00000000ed400000,0x00000000ed400000,0x00000000ed680000)
 ParOldGen       total 44032K, used 27261K [0x00000000c1400000, 0x00000000c3f00000, 0x00000000eb180000)
  object space 44032K, 61% used [0x00000000c1400000,0x00000000c2e9f538,0x00000000c3f00000)
 Metaspace       used 16947K, capacity 17632K, committed 17792K, reserved 1064960K
  class space    used 2461K, capacity 2639K, committed 2688K, reserved 1048576K
}
Event: 8.746 GC heap before
{Heap before GC invocations=6 (full 0):
 PSYoungGen      total 18944K, used 18934K [0x00000000eb180000, 0x00000000ed680000, 0x0000000100000000)
  eden space 16384K, 100% used [0x00000000eb180000,0x00000000ec180000,0x00000000ec180000)
  from space 2560K, 99% used [0x00000000ec180000,0x00000000ec3fdb70,0x00000000ec400000)
  to   space 2560K, 0% used [0x00000000ed400000,0x00000000ed400000,0x00000000ed680000)
 ParOldGen       total 44032K, used 27261K [0x00000000c1400000, 0x00000000c3f00000, 0x00000000eb180000)
  object space 44032K, 61% used [0x00000000c1400000,0x00000000c2e9f538,0x00000000c3f00000)
 Metaspace       used 17050K, capacity 17766K, committed 18048K, reserved 1064960K
  class space    used 2461K, capacity 2640K, committed 2688K, reserved 1048576K
Event: 8.756 GC heap after
Heap after GC invocations=6 (full 0):
 PSYoungGen      total 18944K, used 2550K [0x00000000eb180000, 0x00000000ed680000, 0x0000000100000000)
  eden space 16384K, 0% used [0x00000000eb180000,0x00000000eb180000,0x00000000ec180000)
  from space 2560K, 99% used [0x00000000ed400000,0x00000000ed67db70,0x00000000ed680000)
  to   space 2560K, 0% used [0x00000000ec180000,0x00000000ec180000,0x00000000ec400000)
 ParOldGen       total 44032K, used 27629K [0x00000000c1400000, 0x00000000c3f00000, 0x00000000eb180000)
  object space 44032K, 62% used [0x00000000c1400000,0x00000000c2efb538,0x00000000c3f00000)
 Metaspace       used 17050K, capacity 17766K, committed 18048K, reserved 1064960K
  class space    used 2461K, capacity 2640K, committed 2688K, reserved 1048576K
}

Deoptimization events (10 events):
Event: 9.005 Thread 0x00000000168c9800 Uncommon trap: reason=array_check action=maybe_recompile pc=0x0000000002df788c method=com.sun.javafx.css.SimpleSelector.applies(Ljavafx/css/Styleable;[Ljava/util/Set;I)Z @ 37
Event: 9.005 Thread 0x00000000168c9800 Uncommon trap: reason=array_check action=maybe_recompile pc=0x0000000002df788c method=com.sun.javafx.css.SimpleSelector.applies(Ljavafx/css/Styleable;[Ljava/util/Set;I)Z @ 37
Event: 9.006 Thread 0x00000000168c9800 Uncommon trap: reason=array_check action=maybe_recompile pc=0x0000000002df788c method=com.sun.javafx.css.SimpleSelector.applies(Ljavafx/css/Styleable;[Ljava/util/Set;I)Z @ 37
Event: 9.006 Thread 0x00000000168c9800 Uncommon trap: reason=array_check action=maybe_recompile pc=0x0000000002df788c method=com.sun.javafx.css.SimpleSelector.applies(Ljavafx/css/Styleable;[Ljava/util/Set;I)Z @ 37
Event: 9.163 Thread 0x00000000168c9800 Uncommon trap: reason=class_check action=maybe_recompile pc=0x0000000002a82ba0 method=java.util.HashMap.putVal(ILjava/lang/Object;Ljava/lang/Object;ZZ)Ljava/lang/Object; @ 203
Event: 9.184 Thread 0x00000000168c9800 Uncommon trap: reason=class_check action=maybe_recompile pc=0x0000000002a82ba0 method=java.util.HashMap.putVal(ILjava/lang/Object;Ljava/lang/Object;ZZ)Ljava/lang/Object; @ 203
Event: 9.186 Thread 0x00000000168c9800 Uncommon trap: reason=class_check action=maybe_recompile pc=0x0000000002a82ba0 method=java.util.HashMap.putVal(ILjava/lang/Object;Ljava/lang/Object;ZZ)Ljava/lang/Object; @ 203
Event: 9.191 Thread 0x00000000168c9800 Uncommon trap: reason=class_check action=maybe_recompile pc=0x0000000002a82ba0 method=java.util.HashMap.putVal(ILjava/lang/Object;Ljava/lang/Object;ZZ)Ljava/lang/Object; @ 203
Event: 9.228 Thread 0x00000000168c9800 Uncommon trap: reason=array_check action=maybe_recompile pc=0x0000000002eb6b7c method=com.sun.javafx.css.SimpleSelector.applies(Ljavafx/css/Styleable;[Ljava/util/Set;I)Z @ 37
Event: 9.238 Thread 0x00000000168c9800 Uncommon trap: reason=class_check action=maybe_recompile pc=0x0000000002a7e3c8 method=java.util.HashMap.putVal(ILjava/lang/Object;Ljava/lang/Object;ZZ)Ljava/lang/Object; @ 203

Classes redefined (0 events):
No events

Internal exceptions (10 events):
Event: 0.612 Thread 0x0000000016847000 Exception <a 'java/security/PrivilegedActionException'> (0x00000000eb42d5a8) thrown at [C:\re\workspace\8-2-build-windows-amd64-cygwin\jdk8u221\13320\hotspot\src\share\vm\prims\jvm.cpp, line 1502]
Event: 0.612 Thread 0x0000000016847000 Exception <a 'java/security/PrivilegedActionException'> (0x00000000eb42d7b8) thrown at [C:\re\workspace\8-2-build-windows-amd64-cygwin\jdk8u221\13320\hotspot\src\share\vm\prims\jvm.cpp, line 1502]
Event: 0.613 Thread 0x0000000016847000 Exception <a 'java/lang/NullPointerException'> (0x00000000eb42e0a0) thrown at [C:\re\workspace\8-2-build-windows-amd64-cygwin\jdk8u221\13320\hotspot\src\share\vm\interpreter\linkResolver.cpp, line 1185]
Event: 1.308 Thread 0x00000000168c9800 Exception <a 'java/lang/NullPointerException'> (0x00000000ebd43f78) thrown at [C:\re\workspace\8-2-build-windows-amd64-cygwin\jdk8u221\13320\hotspot\src\share\vm\interpreter\linkResolver.cpp, line 1185]
Event: 1.308 Thread 0x00000000168c9800 Exception <a 'java/lang/NullPointerException'> (0x00000000ebd43f78) thrown at [C:\re\workspace\8-2-build-windows-amd64-cygwin\jdk8u221\13320\hotspot\src\share\vm\prims\jvm.cpp, line 1506]
Event: 1.501 Thread 0x00000000168c9800 Exception <a 'java/lang/ArrayIndexOutOfBoundsException': 58> (0x00000000ec179de8) thrown at [C:\re\workspace\8-2-build-windows-amd64-cygwin\jdk8u221\13320\hotspot\src\share\vm\interpreter\interpreterRuntime.cpp, line 368]
Event: 1.502 Thread 0x00000000168c9800 Exception <a 'java/lang/ArrayIndexOutOfBoundsException': 18> (0x00000000ec17aa88) thrown at [C:\re\workspace\8-2-build-windows-amd64-cygwin\jdk8u221\13320\hotspot\src\share\vm\interpreter\interpreterRuntime.cpp, line 368]
Event: 1.504 Thread 0x00000000168c9800 Exception <a 'java/lang/ArrayIndexOutOfBoundsException'> (0x00000000ec17be30) thrown at [C:\re\workspace\8-2-build-windows-amd64-cygwin\jdk8u221\13320\hotspot\src\share\vm\runtime\sharedRuntime.cpp, line 605]
Event: 7.994 Thread 0x00000000168c9800 Exception <a 'java/lang/ArrayIndexOutOfBoundsException'> (0x00000000ebb69720) thrown at [C:\re\workspace\8-2-build-windows-amd64-cygwin\jdk8u221\13320\hotspot\src\share\vm\runtime\sharedRuntime.cpp, line 605]
Event: 8.000 Thread 0x00000000168c9800 Exception <a 'java/lang/ArrayIndexOutOfBoundsException'> (0x00000000ebb7ec28) thrown at [C:\re\workspace\8-2-build-windows-amd64-cygwin\jdk8u221\13320\hotspot\src\share\vm\runtime\sharedRuntime.cpp, line 605]

Events (10 events):
Event: 9.186 Thread 0x00000000168c9800 DEOPT UNPACKING pc=0x000000000270583b sp=0x000000001747b3f0 mode 2
Event: 9.191 Thread 0x00000000168c9800 Uncommon trap: trap_request=0xffffffde fr.pc=0x0000000002a82ba0
Event: 9.191 Thread 0x00000000168c9800 DEOPT PACKING pc=0x0000000002a82ba0 sp=0x000000001747b4e0
Event: 9.191 Thread 0x00000000168c9800 DEOPT UNPACKING pc=0x000000000270583b sp=0x000000001747b3f0 mode 2
Event: 9.228 Thread 0x00000000168c9800 Uncommon trap: trap_request=0xffffffd6 fr.pc=0x0000000002eb6b7c
Event: 9.228 Thread 0x00000000168c9800 DEOPT PACKING pc=0x0000000002eb6b7c sp=0x000000001747a950
Event: 9.228 Thread 0x00000000168c9800 DEOPT UNPACKING pc=0x000000000270583b sp=0x000000001747a910 mode 2
Event: 9.238 Thread 0x00000000168c9800 Uncommon trap: trap_request=0xffffffde fr.pc=0x0000000002a7e3c8
Event: 9.238 Thread 0x00000000168c9800 DEOPT PACKING pc=0x0000000002a7e3c8 sp=0x000000001747b440
Event: 9.238 Thread 0x00000000168c9800 DEOPT UNPACKING pc=0x000000000270583b sp=0x000000001747b3b8 mode 2


Dynamic libraries:
0x00007ff62bf30000 - 0x00007ff62bf67000 	C:\Program Files\Java\jre1.8.0_221\bin\javaw.exe
0x00007ff820f60000 - 0x00007ff821150000 	C:\WINDOWS\SYSTEM32\ntdll.dll
0x00007ff8038c0000 - 0x00007ff8038d4000 	C:\Program Files (x86)\AVG\Antivirus\aswhook.dll
0x00007ff81f410000 - 0x00007ff81f4c2000 	C:\WINDOWS\System32\KERNEL32.DLL
0x00007ff81e960000 - 0x00007ff81ec03000 	C:\WINDOWS\System32\KERNELBASE.dll
0x00007ff81f360000 - 0x00007ff81f403000 	C:\WINDOWS\System32\ADVAPI32.dll
0x00007ff81f600000 - 0x00007ff81f69e000 	C:\WINDOWS\System32\msvcrt.dll
0x00007ff81f8d0000 - 0x00007ff81f967000 	C:\WINDOWS\System32\sechost.dll
0x00007ff820e00000 - 0x00007ff820f20000 	C:\WINDOWS\System32\RPCRT4.dll
0x00007ff820b70000 - 0x00007ff820d04000 	C:\WINDOWS\System32\USER32.dll
0x00007ff81ec90000 - 0x00007ff81ecb1000 	C:\WINDOWS\System32\win32u.dll
0x00007ff81ff10000 - 0x00007ff81ff36000 	C:\WINDOWS\System32\GDI32.dll
0x00007ff81def0000 - 0x00007ff81e084000 	C:\WINDOWS\System32\gdi32full.dll
0x00007ff81ef70000 - 0x00007ff81f00e000 	C:\WINDOWS\System32\msvcp_win.dll
0x00007ff81ee70000 - 0x00007ff81ef6a000 	C:\WINDOWS\System32\ucrtbase.dll
0x00007ff8089f0000 - 0x00007ff808c75000 	C:\WINDOWS\WinSxS\amd64_microsoft.windows.common-controls_6595b64144ccf1df_6.0.18362.535_none_e6c3b34713100821\COMCTL32.dll
0x00007ff81fb70000 - 0x00007ff81fea6000 	C:\WINDOWS\System32\combase.dll
0x00007ff81ec10000 - 0x00007ff81ec90000 	C:\WINDOWS\System32\bcryptPrimitives.dll
0x00007ff81f970000 - 0x00007ff81f99e000 	C:\WINDOWS\System32\IMM32.DLL
0x0000000061f40000 - 0x0000000062012000 	C:\Program Files\Java\jre1.8.0_221\bin\msvcr100.dll
0x0000000060e50000 - 0x00000000616f5000 	C:\Program Files\Java\jre1.8.0_221\bin\server\jvm.dll
0x00007ff81f590000 - 0x00007ff81f598000 	C:\WINDOWS\System32\PSAPI.DLL
0x00007ff80f040000 - 0x00007ff80f049000 	C:\WINDOWS\SYSTEM32\WSOCK32.dll
0x00007ff820d10000 - 0x00007ff820d7f000 	C:\WINDOWS\System32\WS2_32.dll
0x00007ff81b890000 - 0x00007ff81b8b4000 	C:\WINDOWS\SYSTEM32\WINMM.dll
0x00007ff813c40000 - 0x00007ff813c4a000 	C:\WINDOWS\SYSTEM32\VERSION.dll
0x00007ff81b7f0000 - 0x00007ff81b81d000 	C:\WINDOWS\SYSTEM32\WINMMBASE.dll
0x00007ff81e840000 - 0x00007ff81e88a000 	C:\WINDOWS\System32\cfgmgr32.dll
0x00007ff804060000 - 0x00007ff80406f000 	C:\Program Files\Java\jre1.8.0_221\bin\verify.dll
0x00007ffff38f0000 - 0x00007ffff3919000 	C:\Program Files\Java\jre1.8.0_221\bin\java.dll
0x00007ff8002b0000 - 0x00007ff8002c6000 	C:\Program Files\Java\jre1.8.0_221\bin\zip.dll
0x00007ff820480000 - 0x00007ff820b65000 	C:\WINDOWS\System32\SHELL32.dll
0x00007ff81f010000 - 0x00007ff81f0b9000 	C:\WINDOWS\System32\shcore.dll
0x00007ff81e090000 - 0x00007ff81e80f000 	C:\WINDOWS\System32\windows.storage.dll
0x00007ff81ded0000 - 0x00007ff81deef000 	C:\WINDOWS\System32\profapi.dll
0x00007ff81de60000 - 0x00007ff81deaa000 	C:\WINDOWS\System32\powrprof.dll
0x00007ff81de30000 - 0x00007ff81de40000 	C:\WINDOWS\System32\UMPDC.dll
0x00007ff820420000 - 0x00007ff820472000 	C:\WINDOWS\System32\shlwapi.dll
0x00007ff81de40000 - 0x00007ff81de51000 	C:\WINDOWS\System32\kernel.appcore.dll
0x00007ff81e890000 - 0x00007ff81e8a7000 	C:\WINDOWS\System32\cryptsp.dll
0x0000000002540000 - 0x0000000002543000 	C:\Program Files\Java\jre1.8.0_221\bin\api-ms-win-core-console-l1-1-0.dll
0x0000000002550000 - 0x0000000002553000 	C:\Program Files\Java\jre1.8.0_221\bin\api-ms-win-core-datetime-l1-1-0.dll
0x0000000002570000 - 0x0000000002573000 	C:\Program Files\Java\jre1.8.0_221\bin\api-ms-win-core-debug-l1-1-0.dll
0x0000000002580000 - 0x0000000002583000 	C:\Program Files\Java\jre1.8.0_221\bin\api-ms-win-core-errorhandling-l1-1-0.dll
0x0000000002590000 - 0x0000000002594000 	C:\Program Files\Java\jre1.8.0_221\bin\api-ms-win-core-file-l1-1-0.dll
0x00000000025a0000 - 0x00000000025a3000 	C:\Program Files\Java\jre1.8.0_221\bin\api-ms-win-core-file-l1-2-0.dll
0x0000000016d50000 - 0x0000000016d53000 	C:\Program Files\Java\jre1.8.0_221\bin\api-ms-win-core-file-l2-1-0.dll
0x0000000016d60000 - 0x0000000016d63000 	C:\Program Files\Java\jre1.8.0_221\bin\api-ms-win-core-handle-l1-1-0.dll
0x0000000016d70000 - 0x0000000016d73000 	C:\Program Files\Java\jre1.8.0_221\bin\api-ms-win-core-heap-l1-1-0.dll
0x0000000016d80000 - 0x0000000016d83000 	C:\Program Files\Java\jre1.8.0_221\bin\api-ms-win-core-interlocked-l1-1-0.dll
0x0000000016d90000 - 0x0000000016d93000 	C:\Program Files\Java\jre1.8.0_221\bin\api-ms-win-core-libraryloader-l1-1-0.dll
0x0000000016da0000 - 0x0000000016da3000 	C:\Program Files\Java\jre1.8.0_221\bin\api-ms-win-core-localization-l1-2-0.dll
0x0000000016db0000 - 0x0000000016db3000 	C:\Program Files\Java\jre1.8.0_221\bin\api-ms-win-core-memory-l1-1-0.dll
0x0000000016dc0000 - 0x0000000016dc3000 	C:\Program Files\Java\jre1.8.0_221\bin\api-ms-win-core-namedpipe-l1-1-0.dll
0x0000000016dd0000 - 0x0000000016dd3000 	C:\Program Files\Java\jre1.8.0_221\bin\api-ms-win-core-processenvironment-l1-1-0.dll
0x0000000016de0000 - 0x0000000016de3000 	C:\Program Files\Java\jre1.8.0_221\bin\api-ms-win-core-processthreads-l1-1-0.dll
0x0000000016df0000 - 0x0000000016df3000 	C:\Program Files\Java\jre1.8.0_221\bin\api-ms-win-core-processthreads-l1-1-1.dll
0x0000000016e00000 - 0x0000000016e03000 	C:\Program Files\Java\jre1.8.0_221\bin\api-ms-win-core-profile-l1-1-0.dll
0x0000000016e10000 - 0x0000000016e13000 	C:\Program Files\Java\jre1.8.0_221\bin\api-ms-win-core-rtlsupport-l1-1-0.dll
0x0000000016e20000 - 0x0000000016e23000 	C:\Program Files\Java\jre1.8.0_221\bin\api-ms-win-core-string-l1-1-0.dll
0x0000000016e30000 - 0x0000000016e33000 	C:\Program Files\Java\jre1.8.0_221\bin\api-ms-win-core-synch-l1-1-0.dll
0x0000000016e40000 - 0x0000000016e43000 	C:\Program Files\Java\jre1.8.0_221\bin\api-ms-win-core-synch-l1-2-0.dll
0x0000000016e50000 - 0x0000000016e53000 	C:\Program Files\Java\jre1.8.0_221\bin\api-ms-win-core-sysinfo-l1-1-0.dll
0x0000000016e60000 - 0x0000000016e63000 	C:\Program Files\Java\jre1.8.0_221\bin\api-ms-win-core-timezone-l1-1-0.dll
0x0000000016e70000 - 0x0000000016e73000 	C:\Program Files\Java\jre1.8.0_221\bin\api-ms-win-core-util-l1-1-0.dll
0x0000000016e80000 - 0x0000000016e83000 	C:\Program Files\Java\jre1.8.0_221\bin\api-ms-win-crt-conio-l1-1-0.dll
0x0000000016e90000 - 0x0000000016e94000 	C:\Program Files\Java\jre1.8.0_221\bin\api-ms-win-crt-convert-l1-1-0.dll
0x0000000016ea0000 - 0x0000000016ea3000 	C:\Program Files\Java\jre1.8.0_221\bin\api-ms-win-crt-environment-l1-1-0.dll
0x0000000016eb0000 - 0x0000000016eb3000 	C:\Program Files\Java\jre1.8.0_221\bin\api-ms-win-crt-filesystem-l1-1-0.dll
0x0000000016ec0000 - 0x0000000016ec3000 	C:\Program Files\Java\jre1.8.0_221\bin\api-ms-win-crt-heap-l1-1-0.dll
0x0000000016ed0000 - 0x0000000016ed3000 	C:\Program Files\Java\jre1.8.0_221\bin\api-ms-win-crt-locale-l1-1-0.dll
0x0000000016ee0000 - 0x0000000016ee5000 	C:\Program Files\Java\jre1.8.0_221\bin\api-ms-win-crt-math-l1-1-0.dll
0x0000000016ef0000 - 0x0000000016ef5000 	C:\Program Files\Java\jre1.8.0_221\bin\api-ms-win-crt-multibyte-l1-1-0.dll
0x0000000016f00000 - 0x0000000016f10000 	C:\Program Files\Java\jre1.8.0_221\bin\api-ms-win-crt-private-l1-1-0.dll
0x0000000016f10000 - 0x0000000016f13000 	C:\Program Files\Java\jre1.8.0_221\bin\api-ms-win-crt-process-l1-1-0.dll
0x0000000016f20000 - 0x0000000016f24000 	C:\Program Files\Java\jre1.8.0_221\bin\api-ms-win-crt-runtime-l1-1-0.dll
0x0000000016f30000 - 0x0000000016f34000 	C:\Program Files\Java\jre1.8.0_221\bin\api-ms-win-crt-stdio-l1-1-0.dll
0x0000000016f40000 - 0x0000000016f44000 	C:\Program Files\Java\jre1.8.0_221\bin\api-ms-win-crt-string-l1-1-0.dll
0x0000000016f50000 - 0x0000000016f53000 	C:\Program Files\Java\jre1.8.0_221\bin\api-ms-win-crt-time-l1-1-0.dll
0x0000000016f60000 - 0x0000000016f63000 	C:\Program Files\Java\jre1.8.0_221\bin\api-ms-win-crt-utility-l1-1-0.dll
0x00007fffeac10000 - 0x00007fffead06000 	C:\Program Files\Java\jre1.8.0_221\bin\ucrtbase.dll
0x00007ff815060000 - 0x00007ff815076000 	C:\Program Files\Java\jre1.8.0_221\bin\vcruntime140.dll
0x00007ffff0d80000 - 0x00007ffff0e2a000 	C:\Program Files\Java\jre1.8.0_221\bin\msvcp140.dll
0x00007ffff4fb0000 - 0x00007ffff5004000 	C:\Program Files\Java\jre1.8.0_221\bin\concrt140.dll
0x00007ff8107b0000 - 0x00007ff8107d3000 	C:\Program Files\Java\jre1.8.0_221\bin\prism_d3d.dll
0x00007ffff6380000 - 0x00007ffff6547000 	C:\WINDOWS\system32\d3d9.dll
0x00007ff81c510000 - 0x00007ff81c53d000 	C:\WINDOWS\SYSTEM32\dwmapi.dll
0x00007ff81caa0000 - 0x00007ff81cac0000 	C:\WINDOWS\SYSTEM32\dxcore.dll
0x00007ff81c0f0000 - 0x00007ff81c189000 	C:\WINDOWS\system32\uxtheme.dll
0x00007fffd15b0000 - 0x00007fffd3aee000 	C:\WINDOWS\SYSTEM32\igdumdim64.dll
0x00007ff81f800000 - 0x00007ff81f8c4000 	C:\WINDOWS\System32\OLEAUT32.dll
0x00007ff81f0c0000 - 0x00007ff81f216000 	C:\WINDOWS\System32\ole32.dll
0x00007ff81ffb0000 - 0x00007ff820420000 	C:\WINDOWS\System32\SETUPAPI.dll
0x00007ff81e810000 - 0x00007ff81e836000 	C:\WINDOWS\System32\bcrypt.dll
0x00007ffffe0d0000 - 0x00007ffffe119000 	C:\Program Files\Java\jre1.8.0_221\bin\glass.dll
0x00007ff81f6a0000 - 0x00007ff81f770000 	C:\WINDOWS\System32\COMDLG32.dll
0x00007ff81f220000 - 0x00007ff81f355000 	C:\WINDOWS\System32\MSCTF.dll
0x00007ff811990000 - 0x00007ff8123d0000 	C:\WINDOWS\SYSTEM32\igdusc64.dll
0x00007ff802860000 - 0x00007ff80288c000 	C:\Program Files\Java\jre1.8.0_221\bin\javafx_iio.dll
0x00007ff814ab0000 - 0x00007ff814ac4000 	C:\Program Files\Java\jre1.8.0_221\bin\javafx_font.dll
0x00007ff814d60000 - 0x00007ff81505e000 	C:\WINDOWS\SYSTEM32\dwrite.dll
0x00007ff81f4d0000 - 0x00007ff81f572000 	C:\WINDOWS\System32\clbcatq.dll
0x00007ff815da0000 - 0x00007ff815f4f000 	C:\WINDOWS\SYSTEM32\WindowsCodecs.dll
0x00007ff8064e0000 - 0x00007ff80651a000 	C:\WINDOWS\system32\dataexchange.dll
0x00007ff81b0d0000 - 0x00007ff81b32b000 	C:\WINDOWS\system32\d3d11.dll
0x00007ff81aed0000 - 0x00007ff81b0ab000 	C:\WINDOWS\system32\dcomp.dll
0x00007ff81cac0000 - 0x00007ff81cbab000 	C:\WINDOWS\system32\dxgi.dll
0x00007ff81c1c0000 - 0x00007ff81c41a000 	C:\WINDOWS\system32\twinapi.appcore.dll
0x00007ff81c540000 - 0x00007ff81c569000 	C:\WINDOWS\system32\RMCLIENT.dll
0x00007ffff08d0000 - 0x00007ffff0903000 	C:\Program Files\Common Files\Microsoft Shared\Ink\rtscom.dll
0x00007ff8163b0000 - 0x00007ff81644e000 	C:\WINDOWS\System32\TextInputFramework.dll
0x00007ff816830000 - 0x00007ff816b5a000 	C:\WINDOWS\System32\CoreUIComponents.dll
0x00007ff81b8c0000 - 0x00007ff81b994000 	C:\WINDOWS\System32\CoreMessaging.dll
0x00007ff81ce90000 - 0x00007ff81cec1000 	C:\WINDOWS\SYSTEM32\ntmarta.dll
0x00007ff81b420000 - 0x00007ff81b573000 	C:\WINDOWS\SYSTEM32\wintypes.dll
0x00007ff814050000 - 0x00007ff8142f6000 	C:\WINDOWS\System32\iertutil.dll
0x00007ff810790000 - 0x00007ff8107a1000 	C:\Program Files\Java\jre1.8.0_221\bin\prism_common.dll
0x00007ff81a140000 - 0x00007ff81a700000 	C:\WINDOWS\SYSTEM32\d2d1.dll
0x00007fffed820000 - 0x00007fffedf61000 	C:\WINDOWS\SYSTEM32\D3D10Warp.dll

VM Arguments:
jvm_args: -Dfile.encoding=Cp1252 
java_command: Main
java_class_path (initial): C:\Users\Utente\Desktop\WhatEat2000\bin;C:\Users\Utente\.p2\pool\plugins\org.junit.jupiter.api_5.5.1.v20190826-0900.jar;C:\Users\Utente\.p2\pool\plugins\org.junit.jupiter.engine_5.5.1.v20190826-0900.jar;C:\Users\Utente\.p2\pool\plugins\org.junit.jupiter.migrationsupport_5.5.1.v20190826-0900.jar;C:\Users\Utente\.p2\pool\plugins\org.junit.jupiter.params_5.5.1.v20190826-0900.jar;C:\Users\Utente\.p2\pool\plugins\org.junit.platform.commons_1.5.1.v20190826-0900.jar;C:\Users\Utente\.p2\pool\plugins\org.junit.platform.engine_1.5.1.v20190826-0900.jar;C:\Users\Utente\.p2\pool\plugins\org.junit.platform.launcher_1.5.1.v20190826-0900.jar;C:\Users\Utente\.p2\pool\plugins\org.junit.platform.runner_1.5.1.v20190826-0900.jar;C:\Users\Utente\.p2\pool\plugins\org.junit.platform.suite.api_1.5.1.v20190826-0900.jar;C:\Users\Utente\.p2\pool\plugins\org.junit.vintage.engine_5.5.1.v20190826-0900.jar;C:\Users\Utente\.p2\pool\plugins\org.opentest4j_1.2.0.v20190826-0900.jar;C:\Users\Utente\.p2\pool\plugins\org.apiguardian_1.1.0.v20190826-0900.jar;C:\Users\Utente\.p2\pool\plugins\org.junit_4.12.0.v201504281640\junit.jar;C:\Users\Utente\.p2\pool\plugins\org.hamcrest.core_1.3.0.v20180420-1519.jar;C:\Users\Utente\Downloads\postgresql-42.2.9.jar
Launcher Type: SUN_STANDARD

Environment Variables:
JAVA_HOME=C:\Program Files\Java\jdk-11
PATH=C:/Program Files/Java/jre1.8.0_221/bin/server;C:/Program Files/Java/jre1.8.0_221/bin;C:/Program Files/Java/jre1.8.0_221/lib/amd64;C:\Program Files (x86)\Common Files\Oracle\Java\javapath;C:\Program Files (x86)\Scripts\;C:\Program Files (x86)\;C:\WINDOWS\system32;C:\WINDOWS;C:\WINDOWS\System32\Wbem;C:\WINDOWS\System32\WindowsPowerShell\v1.0\;C:\Program Files (x86)\Skype\Phone\;C:\Program Files (x86)\Windows Live\Shared;'C:\\Program Files (x86)';C:\Program Files\mingw-w64;C:\WINDOWS\System32\OpenSSH\;C:\Program Files\Java\jdk-11\bin;C:\Program Files\TortoiseSVN\bin;C:\Program Files\mingw-w64;C:\Users\Utente\AppData\Local\Microsoft\WindowsApps;C:\Program Files\Java\jdk-11\bin;;C:\Users\Utente\Desktop;
USERNAME=Utente
OS=Windows_NT
PROCESSOR_IDENTIFIER=Intel64 Family 6 Model 61 Stepping 4, GenuineIntel



---------------  S Y S T E M  ---------------

OS: Windows 10.0 , 64 bit Build 18362 (10.0.18362.329)

CPU:total 4 (initial active 4) (2 cores per cpu, 2 threads per core) family 6 model 61 stepping 4, cmov, cx8, fxsr, mmx, sse, sse2, sse3, ssse3, sse4.1, sse4.2, popcnt, avx, avx2, aes, clmul, erms, 3dnowpref, lzcnt, ht, tsc, tscinvbit, bmi1, bmi2, adx

Memory: 4k page, physical 4111296k(352376k free), swap 7900096k(3068k free)

vm_info: Java HotSpot(TM) 64-Bit Server VM (25.221-b11) for windows-amd64 JRE (1.8.0_221-b11), built on Jul  4 2019 04:39:29 by "java_re" with MS VC++ 10.0 (VS2010)

time: Fri Jan 03 19:45:51 2020
timezone: ora solare Europa occidentale
elapsed time: 9 seconds (0d 0h 0m 9s)

