#
# There is insufficient memory for the Java Runtime Environment to continue.
# Native memory allocation (malloc) failed to allocate 830896 bytes for Chunk::new
# Possible reasons:
#   The system is out of physical RAM or swap space
#   The process is running with CompressedOops enabled, and the Java Heap may be blocking the growth of the native heap
# Possible solutions:
#   Reduce memory load on the system
#   Increase physical memory or swap space
#   Check if swap backing store is full
#   Decrease Java heap size (-Xmx/-Xms)
#   Decrease number of Java threads
#   Decrease Java thread stack sizes (-Xss)
#   Set larger code cache with -XX:ReservedCodeCacheSize=
#   JVM is running with Unscaled Compressed Oops mode in which the Java heap is
#     placed in the first 4GB address space. The Java Heap base address is the
#     maximum limit for the native heap growth. Please use -XX:HeapBaseMinAddress
#     to set the Java Heap base and to place the Java Heap above 4GB virtual address.
# This output file may be truncated or incomplete.
#
#  Out of Memory Error (allocation.cpp:389), pid=11532, tid=0x0000000000003044
#
# JRE version: Java(TM) SE Runtime Environment (8.0_221-b11) (build 1.8.0_221-b11)
# Java VM: Java HotSpot(TM) 64-Bit Server VM (25.221-b11 mixed mode windows-amd64 compressed oops)
# Failed to write core dump. Minidumps are not enabled by default on client versions of Windows
#

---------------  T H R E A D  ---------------

Current thread (0x0000000014895800):  JavaThread "C2 CompilerThread1" daemon [_thread_in_native, id=12356, stack(0x0000000015fb0000,0x00000000160b0000)]

Stack: [0x0000000015fb0000,0x00000000160b0000]
[error occurred during error reporting (printing stack bounds), id 0xc0000005]

Native frames: (J=compiled Java code, j=interpreted, Vv=VM code, C=native code)


Current CompileTask:
C2:   8294 2137       4       com.sun.javafx.css.CompoundSelector::applies (144 bytes)


---------------  P R O C E S S  ---------------

Java Threads: ( => current thread )
  0x000000001bba7000 JavaThread "Prism Font Disposer" daemon [_thread_blocked, id=12368, stack(0x000000001d6e0000,0x000000001d7e0000)]
  0x000000001b842000 JavaThread "Thread-3" daemon [_thread_in_native, id=10972, stack(0x000000001c030000,0x000000001c130000)]
  0x000000001640d800 JavaThread "JavaFX Application Thread" [_thread_in_Java, id=11668, stack(0x0000000016e60000,0x0000000016f60000)]
  0x000000001640b800 JavaThread "Thread-2" daemon [_thread_blocked, id=1576, stack(0x0000000016d60000,0x0000000016e60000)]
  0x00000000163da000 JavaThread "QuantumRenderer-0" daemon [_thread_blocked, id=10524, stack(0x0000000016ad0000,0x0000000016bd0000)]
  0x00000000163b1800 JavaThread "JavaFX-Launcher" [_thread_blocked, id=5616, stack(0x00000000167b0000,0x00000000168b0000)]
  0x000000001489d000 JavaThread "Service Thread" daemon [_thread_blocked, id=10744, stack(0x00000000165b0000,0x00000000166b0000)]
  0x00000000160b8800 JavaThread "C1 CompilerThread2" daemon [_thread_in_native, id=8292, stack(0x00000000164b0000,0x00000000165b0000)]
=>0x0000000014895800 JavaThread "C2 CompilerThread1" daemon [_thread_in_native, id=12356, stack(0x0000000015fb0000,0x00000000160b0000)]
  0x000000001483f000 JavaThread "C2 CompilerThread0" daemon [_thread_in_native, id=3656, stack(0x0000000015eb0000,0x0000000015fb0000)]
  0x000000001483d000 JavaThread "Attach Listener" daemon [_thread_blocked, id=15024, stack(0x0000000015db0000,0x0000000015eb0000)]
  0x000000001483b800 JavaThread "Signal Dispatcher" daemon [_thread_blocked, id=9280, stack(0x0000000015cb0000,0x0000000015db0000)]
  0x000000001482a000 JavaThread "Finalizer" daemon [_thread_blocked, id=14556, stack(0x0000000015a90000,0x0000000015b90000)]
  0x0000000002221000 JavaThread "Reference Handler" daemon [_thread_blocked, id=15460, stack(0x0000000015990000,0x0000000015a90000)]
  0x0000000001ffe000 JavaThread "main" [_thread_blocked, id=3408, stack(0x0000000002030000,0x0000000002130000)]

Other Threads:
  0x0000000014807800 VMThread [stack: 0x0000000015890000,0x0000000015990000] [id=16164]
  0x00000000160e9000 WatcherThread [stack: 0x00000000166b0000,0x00000000167b0000] [id=12076]

VM state:not at safepoint (normal execution)

VM Mutex/Monitor currently owned by a thread: None

heap address: 0x00000000c1400000, size: 1004 MB, Compressed Oops mode: 32-bit
Narrow klass base: 0x0000000000000000, Narrow klass shift: 3
Compressed class space size: 1073741824 Address: 0x0000000100000000

Heap:
 PSYoungGen      total 27648K, used 15985K [0x00000000eb180000, 0x00000000ed980000, 0x0000000100000000)
  eden space 15872K, 82% used [0x00000000eb180000,0x00000000ebe3e9a8,0x00000000ec100000)
  from space 11776K, 24% used [0x00000000ecd00000,0x00000000ecfddb70,0x00000000ed880000)
  to   space 12288K, 0% used [0x00000000ec100000,0x00000000ec100000,0x00000000ecd00000)
 ParOldGen       total 44032K, used 27283K [0x00000000c1400000, 0x00000000c3f00000, 0x00000000eb180000)
  object space 44032K, 61% used [0x00000000c1400000,0x00000000c2ea4d48,0x00000000c3f00000)
 Metaspace       used 17490K, capacity 18288K, committed 18432K, reserved 1064960K
  class space    used 2525K, capacity 2691K, committed 2816K, reserved 1048576K

Card table byte_map: [0x00000000115f0000,0x00000000117f0000] byte_map_base: 0x0000000010fe6000

Marking Bits: (ParMarkBitMap*) 0x0000000061675ce0
 Begin Bits: [0x0000000011d40000, 0x0000000012cf0000)
 End Bits:   [0x0000000012cf0000, 0x0000000013ca0000)

Polling page: 0x00000000008f0000

CodeCache: size=245760Kb used=7921Kb max_used=7921Kb free=237838Kb
 bounds [0x0000000002230000, 0x0000000002a00000, 0x0000000011230000]
 total_blobs=3033 nmethods=2374 adapters=571
 compilation: enabled

Compilation events (10 events):
Event: 8.286 Thread 0x00000000160b8800 nmethod 2380 0x00000000029d3710 code [0x00000000029d4240, 0x00000000029ddf78]
Event: 8.287 Thread 0x00000000160b8800 2384       1       javafx.scene.paint.Color::getBlue (6 bytes)
Event: 8.287 Thread 0x00000000160b8800 nmethod 2384 0x00000000029e41d0 code [0x00000000029e4320, 0x00000000029e4430]
Event: 8.287 Thread 0x00000000160b8800 2375       3       com.sun.javafx.event.CompositeEventHandler::createEventHandlerRecord (30 bytes)
Event: 8.287 Thread 0x00000000160b8800 nmethod 2375 0x00000000029e4490 code [0x00000000029e4640, 0x00000000029e4c68]
Event: 8.287 Thread 0x00000000160b8800 2376       3       com.sun.javafx.event.CompositeEventHandler$NormalEventHandlerRecord::<init> (11 bytes)
Event: 8.287 Thread 0x00000000160b8800 nmethod 2376 0x00000000029e4ed0 code [0x00000000029e5040, 0x00000000029e52d0]
Event: 8.287 Thread 0x00000000160b8800 2378       3       javafx.collections.WeakListChangeListener::onChanged (36 bytes)
Event: 8.288 Thread 0x00000000160b8800 nmethod 2378 0x00000000029e5410 code [0x00000000029e55a0, 0x00000000029e5b18]
Event: 8.288 Thread 0x00000000160b8800 2379       3       javafx.collections.FXCollections$UnmodifiableObservableListImpl$$Lambda$45/80366794::onChanged (9 bytes)

GC Heap History (10 events):
Event: 2.197 GC heap before
{Heap before GC invocations=2 (full 0):
 PSYoungGen      total 18944K, used 18931K [0x00000000eb180000, 0x00000000ec680000, 0x0000000100000000)
  eden space 16384K, 100% used [0x00000000eb180000,0x00000000ec180000,0x00000000ec180000)
  from space 2560K, 99% used [0x00000000ec180000,0x00000000ec3fce38,0x00000000ec400000)
  to   space 2560K, 0% used [0x00000000ec400000,0x00000000ec400000,0x00000000ec680000)
 ParOldGen       total 44032K, used 2315K [0x00000000c1400000, 0x00000000c3f00000, 0x00000000eb180000)
  object space 44032K, 5% used [0x00000000c1400000,0x00000000c1642e38,0x00000000c3f00000)
 Metaspace       used 14460K, capacity 14932K, committed 15104K, reserved 1062912K
  class space    used 2147K, capacity 2279K, committed 2304K, reserved 1048576K
Event: 2.204 GC heap after
Heap after GC invocations=2 (full 0):
 PSYoungGen      total 18944K, used 2534K [0x00000000eb180000, 0x00000000ec680000, 0x0000000100000000)
  eden space 16384K, 0% used [0x00000000eb180000,0x00000000eb180000,0x00000000ec180000)
  from space 2560K, 99% used [0x00000000ec400000,0x00000000ec679b70,0x00000000ec680000)
  to   space 2560K, 0% used [0x00000000ec180000,0x00000000ec180000,0x00000000ec400000)
 ParOldGen       total 44032K, used 7710K [0x00000000c1400000, 0x00000000c3f00000, 0x00000000eb180000)
  object space 44032K, 17% used [0x00000000c1400000,0x00000000c1b87be8,0x00000000c3f00000)
 Metaspace       used 14460K, capacity 14932K, committed 15104K, reserved 1062912K
  class space    used 2147K, capacity 2279K, committed 2304K, reserved 1048576K
}
Event: 4.191 GC heap before
{Heap before GC invocations=3 (full 0):
 PSYoungGen      total 18944K, used 16737K [0x00000000eb180000, 0x00000000ec680000, 0x0000000100000000)
  eden space 16384K, 86% used [0x00000000eb180000,0x00000000ebf5ec10,0x00000000ec180000)
  from space 2560K, 99% used [0x00000000ec400000,0x00000000ec679b70,0x00000000ec680000)
  to   space 2560K, 0% used [0x00000000ec180000,0x00000000ec180000,0x00000000ec400000)
 ParOldGen       total 44032K, used 7710K [0x00000000c1400000, 0x00000000c3f00000, 0x00000000eb180000)
  object space 44032K, 17% used [0x00000000c1400000,0x00000000c1b87be8,0x00000000c3f00000)
 Metaspace       used 16112K, capacity 16790K, committed 16896K, reserved 1062912K
  class space    used 2360K, capacity 2511K, committed 2560K, reserved 1048576K
Event: 4.208 GC heap after
Heap after GC invocations=3 (full 0):
 PSYoungGen      total 18944K, used 2534K [0x00000000eb180000, 0x00000000ec680000, 0x0000000100000000)
  eden space 16384K, 0% used [0x00000000eb180000,0x00000000eb180000,0x00000000ec180000)
  from space 2560K, 99% used [0x00000000ec180000,0x00000000ec3f9b80,0x00000000ec400000)
  to   space 2560K, 0% used [0x00000000ec400000,0x00000000ec400000,0x00000000ec680000)
 ParOldGen       total 44032K, used 13469K [0x00000000c1400000, 0x00000000c3f00000, 0x00000000eb180000)
  object space 44032K, 30% used [0x00000000c1400000,0x00000000c21276f8,0x00000000c3f00000)
 Metaspace       used 16112K, capacity 16790K, committed 16896K, reserved 1062912K
  class space    used 2360K, capacity 2511K, committed 2560K, reserved 1048576K
}
Event: 5.680 GC heap before
{Heap before GC invocations=4 (full 0):
 PSYoungGen      total 18944K, used 15439K [0x00000000eb180000, 0x00000000ec680000, 0x0000000100000000)
  eden space 16384K, 78% used [0x00000000eb180000,0x00000000ebe1a0b8,0x00000000ec180000)
  from space 2560K, 99% used [0x00000000ec180000,0x00000000ec3f9b80,0x00000000ec400000)
  to   space 2560K, 0% used [0x00000000ec400000,0x00000000ec400000,0x00000000ec680000)
 ParOldGen       total 44032K, used 13469K [0x00000000c1400000, 0x00000000c3f00000, 0x00000000eb180000)
  object space 44032K, 30% used [0x00000000c1400000,0x00000000c21276f8,0x00000000c3f00000)
 Metaspace       used 16255K, capacity 16890K, committed 17152K, reserved 1064960K
  class space    used 2367K, capacity 2517K, committed 2560K, reserved 1048576K
Event: 5.689 GC heap after
Heap after GC invocations=4 (full 0):
 PSYoungGen      total 18944K, used 2550K [0x00000000eb180000, 0x00000000ec680000, 0x0000000100000000)
  eden space 16384K, 0% used [0x00000000eb180000,0x00000000eb180000,0x00000000ec180000)
  from space 2560K, 99% used [0x00000000ec400000,0x00000000ec67db70,0x00000000ec680000)
  to   space 2560K, 0% used [0x00000000ec180000,0x00000000ec180000,0x00000000ec400000)
 ParOldGen       total 44032K, used 21688K [0x00000000c1400000, 0x00000000c3f00000, 0x00000000eb180000)
  object space 44032K, 49% used [0x00000000c1400000,0x00000000c292e108,0x00000000c3f00000)
 Metaspace       used 16255K, capacity 16890K, committed 17152K, reserved 1064960K
  class space    used 2367K, capacity 2517K, committed 2560K, reserved 1048576K
}
Event: 7.537 GC heap before
{Heap before GC invocations=5 (full 0):
 PSYoungGen      total 18944K, used 18934K [0x00000000eb180000, 0x00000000ec680000, 0x0000000100000000)
  eden space 16384K, 100% used [0x00000000eb180000,0x00000000ec180000,0x00000000ec180000)
  from space 2560K, 99% used [0x00000000ec400000,0x00000000ec67db70,0x00000000ec680000)
  to   space 2560K, 0% used [0x00000000ec180000,0x00000000ec180000,0x00000000ec400000)
 ParOldGen       total 44032K, used 21688K [0x00000000c1400000, 0x00000000c3f00000, 0x00000000eb180000)
  object space 44032K, 49% used [0x00000000c1400000,0x00000000c292e108,0x00000000c3f00000)
 Metaspace       used 16956K, capacity 17638K, committed 17792K, reserved 1064960K
  class space    used 2463K, capacity 2640K, committed 2688K, reserved 1048576K
Event: 7.545 GC heap after
Heap after GC invocations=5 (full 0):
 PSYoungGen      total 18944K, used 2550K [0x00000000eb180000, 0x00000000ed880000, 0x0000000100000000)
  eden space 16384K, 0% used [0x00000000eb180000,0x00000000eb180000,0x00000000ec180000)
  from space 2560K, 99% used [0x00000000ec180000,0x00000000ec3fdb70,0x00000000ec400000)
  to   space 11776K, 0% used [0x00000000ecd00000,0x00000000ecd00000,0x00000000ed880000)
 ParOldGen       total 44032K, used 27275K [0x00000000c1400000, 0x00000000c3f00000, 0x00000000eb180000)
  object space 44032K, 61% used [0x00000000c1400000,0x00000000c2ea2d48,0x00000000c3f00000)
 Metaspace       used 16956K, capacity 17638K, committed 17792K, reserved 1064960K
  class space    used 2463K, capacity 2640K, committed 2688K, reserved 1048576K
}
Event: 7.886 GC heap before
{Heap before GC invocations=6 (full 0):
 PSYoungGen      total 18944K, used 18934K [0x00000000eb180000, 0x00000000ed880000, 0x0000000100000000)
  eden space 16384K, 100% used [0x00000000eb180000,0x00000000ec180000,0x00000000ec180000)
  from space 2560K, 99% used [0x00000000ec180000,0x00000000ec3fdb70,0x00000000ec400000)
  to   space 11776K, 0% used [0x00000000ecd00000,0x00000000ecd00000,0x00000000ed880000)
 ParOldGen       total 44032K, used 27275K [0x00000000c1400000, 0x00000000c3f00000, 0x00000000eb180000)
  object space 44032K, 61% used [0x00000000c1400000,0x00000000c2ea2d48,0x00000000c3f00000)
 Metaspace       used 17051K, capacity 17708K, committed 17792K, reserved 1064960K
  class space    used 2464K, capacity 2641K, committed 2688K, reserved 1048576K
Event: 7.895 GC heap after
Heap after GC invocations=6 (full 0):
 PSYoungGen      total 27648K, used 2934K [0x00000000eb180000, 0x00000000ed980000, 0x0000000100000000)
  eden space 15872K, 0% used [0x00000000eb180000,0x00000000eb180000,0x00000000ec100000)
  from space 11776K, 24% used [0x00000000ecd00000,0x00000000ecfddb70,0x00000000ed880000)
  to   space 12288K, 0% used [0x00000000ec100000,0x00000000ec100000,0x00000000ecd00000)
 ParOldGen       total 44032K, used 27283K [0x00000000c1400000, 0x00000000c3f00000, 0x00000000eb180000)
  object space 44032K, 61% used [0x00000000c1400000,0x00000000c2ea4d48,0x00000000c3f00000)
 Metaspace       used 17051K, capacity 17708K, committed 17792K, reserved 1064960K
  class space    used 2464K, capacity 2641K, committed 2688K, reserved 1048576K
}

Deoptimization events (10 events):
Event: 2.699 Thread 0x000000001640d800 Uncommon trap: reason=unstable_if action=reinterpret pc=0x000000000263e59c method=com.sun.javafx.iio.common.SmoothMinifier.putSourceScanline([BI)Z @ 419
Event: 2.711 Thread 0x000000001640d800 Uncommon trap: reason=unstable_if action=reinterpret pc=0x0000000002580768 method=jdk.internal.org.objectweb.asm.Type.getArgumentsAndReturnSizes(Ljava/lang/String;)I @ 47
Event: 4.389 Thread 0x000000001640d800 Uncommon trap: reason=unstable_if action=reinterpret pc=0x00000000027091d0 method=com.sun.javafx.iio.common.SmoothMinifier.putSourceScanline([BI)Z @ 746
Event: 5.670 Thread 0x000000001640d800 Uncommon trap: reason=unstable_if action=reinterpret pc=0x00000000026f59a4 method=com.sun.javafx.image.impl.ByteBgra$ToByteBgraPreConv.doConvert([BII[BIIII)V @ 80
Event: 5.671 Thread 0x000000001640d800 Uncommon trap: reason=unstable_if action=reinterpret pc=0x00000000026f8114 method=com.sun.javafx.image.impl.ByteBgra$ToByteBgraPreConv.doConvert([BII[BIIII)V @ 80
Event: 8.132 Thread 0x000000001640d800 Uncommon trap: reason=array_check action=maybe_recompile pc=0x00000000029455cc method=com.sun.javafx.css.SimpleSelector.applies(Ljavafx/css/Styleable;[Ljava/util/Set;I)Z @ 37
Event: 8.132 Thread 0x000000001640d800 Uncommon trap: reason=array_check action=maybe_recompile pc=0x00000000029455cc method=com.sun.javafx.css.SimpleSelector.applies(Ljavafx/css/Styleable;[Ljava/util/Set;I)Z @ 37
Event: 8.133 Thread 0x000000001640d800 Uncommon trap: reason=array_check action=maybe_recompile pc=0x00000000029455cc method=com.sun.javafx.css.SimpleSelector.applies(Ljavafx/css/Styleable;[Ljava/util/Set;I)Z @ 37
Event: 8.133 Thread 0x000000001640d800 Uncommon trap: reason=array_check action=maybe_recompile pc=0x00000000029455cc method=com.sun.javafx.css.SimpleSelector.applies(Ljavafx/css/Styleable;[Ljava/util/Set;I)Z @ 37
Event: 8.284 Thread 0x000000001640d800 Uncommon trap: reason=class_check action=maybe_recompile pc=0x00000000025f06a4 method=java.util.HashMap.putVal(ILjava/lang/Object;Ljava/lang/Object;ZZ)Ljava/lang/Object; @ 203

Classes redefined (0 events):
No events

Internal exceptions (10 events):
Event: 0.377 Thread 0x00000000163b1800 Exception <a 'java/security/PrivilegedActionException'> (0x00000000eb42d5a8) thrown at [C:\re\workspace\8-2-build-windows-amd64-cygwin\jdk8u221\13320\hotspot\src\share\vm\prims\jvm.cpp, line 1502]
Event: 0.377 Thread 0x00000000163b1800 Exception <a 'java/security/PrivilegedActionException'> (0x00000000eb42d7b8) thrown at [C:\re\workspace\8-2-build-windows-amd64-cygwin\jdk8u221\13320\hotspot\src\share\vm\prims\jvm.cpp, line 1502]
Event: 0.377 Thread 0x00000000163b1800 Exception <a 'java/lang/NullPointerException'> (0x00000000eb42e0a0) thrown at [C:\re\workspace\8-2-build-windows-amd64-cygwin\jdk8u221\13320\hotspot\src\share\vm\interpreter\linkResolver.cpp, line 1185]
Event: 1.035 Thread 0x000000001640d800 Exception <a 'java/lang/NullPointerException'> (0x00000000ebd482a8) thrown at [C:\re\workspace\8-2-build-windows-amd64-cygwin\jdk8u221\13320\hotspot\src\share\vm\interpreter\linkResolver.cpp, line 1185]
Event: 1.035 Thread 0x000000001640d800 Exception <a 'java/lang/NullPointerException'> (0x00000000ebd482a8) thrown at [C:\re\workspace\8-2-build-windows-amd64-cygwin\jdk8u221\13320\hotspot\src\share\vm\prims\jvm.cpp, line 1506]
Event: 1.211 Thread 0x000000001640d800 Exception <a 'java/lang/ArrayIndexOutOfBoundsException': 58> (0x00000000ec17e118) thrown at [C:\re\workspace\8-2-build-windows-amd64-cygwin\jdk8u221\13320\hotspot\src\share\vm\interpreter\interpreterRuntime.cpp, line 368]
Event: 1.213 Thread 0x000000001640d800 Exception <a 'java/lang/ArrayIndexOutOfBoundsException': 18> (0x00000000ec17edb8) thrown at [C:\re\workspace\8-2-build-windows-amd64-cygwin\jdk8u221\13320\hotspot\src\share\vm\interpreter\interpreterRuntime.cpp, line 368]
Event: 1.219 Thread 0x000000001640d800 Exception <a 'java/lang/ArrayIndexOutOfBoundsException'> (0x00000000eb180170) thrown at [C:\re\workspace\8-2-build-windows-amd64-cygwin\jdk8u221\13320\hotspot\src\share\vm\runtime\sharedRuntime.cpp, line 605]
Event: 7.211 Thread 0x000000001640d800 Exception <a 'java/lang/ArrayIndexOutOfBoundsException'> (0x00000000ebb694e8) thrown at [C:\re\workspace\8-2-build-windows-amd64-cygwin\jdk8u221\13320\hotspot\src\share\vm\runtime\sharedRuntime.cpp, line 605]
Event: 7.235 Thread 0x000000001640d800 Exception <a 'java/lang/ArrayIndexOutOfBoundsException'> (0x00000000ebb7e9e8) thrown at [C:\re\workspace\8-2-build-windows-amd64-cygwin\jdk8u221\13320\hotspot\src\share\vm\runtime\sharedRuntime.cpp, line 605]

Events (10 events):
Event: 8.133 Thread 0x000000001640d800 DEOPT PACKING pc=0x00000000029455cc sp=0x0000000016f5a770
Event: 8.133 Thread 0x000000001640d800 DEOPT UNPACKING pc=0x000000000227583b sp=0x0000000016f5a700 mode 2
Event: 8.133 Thread 0x000000001640d800 Uncommon trap: trap_request=0xffffffd6 fr.pc=0x00000000029455cc
Event: 8.133 Thread 0x000000001640d800 DEOPT PACKING pc=0x00000000029455cc sp=0x0000000016f5a770
Event: 8.133 Thread 0x000000001640d800 DEOPT UNPACKING pc=0x000000000227583b sp=0x0000000016f5a700 mode 2
Event: 8.209 Executing VM operation: ForceSafepoint
Event: 8.209 Executing VM operation: ForceSafepoint done
Event: 8.284 Thread 0x000000001640d800 Uncommon trap: trap_request=0xffffffde fr.pc=0x00000000025f06a4
Event: 8.284 Thread 0x000000001640d800 DEOPT PACKING pc=0x00000000025f06a4 sp=0x0000000016f5b280
Event: 8.284 Thread 0x000000001640d800 DEOPT UNPACKING pc=0x000000000227583b sp=0x0000000016f5b1a8 mode 2


Dynamic libraries:
0x00007ff62bf30000 - 0x00007ff62bf67000 	C:\Program Files\Java\jre1.8.0_221\bin\javaw.exe
0x00007ff820f60000 - 0x00007ff821150000 	C:\WINDOWS\SYSTEM32\ntdll.dll
0x00007ff8038c0000 - 0x00007ff8038d4000 	C:\Program Files (x86)\AVG\Antivirus\aswhook.dll
0x00007ff81f410000 - 0x00007ff81f4c2000 	C:\WINDOWS\System32\KERNEL32.DLL
0x00007ff81e960000 - 0x00007ff81ec03000 	C:\WINDOWS\System32\KERNELBASE.dll
0x00007ff81f360000 - 0x00007ff81f403000 	C:\WINDOWS\System32\ADVAPI32.dll
0x00007ff81f600000 - 0x00007ff81f69e000 	C:\WINDOWS\System32\msvcrt.dll
0x00007ff81f8d0000 - 0x00007ff81f967000 	C:\WINDOWS\System32\sechost.dll
0x00007ff820e00000 - 0x00007ff820f20000 	C:\WINDOWS\System32\RPCRT4.dll
0x00007ff820b70000 - 0x00007ff820d04000 	C:\WINDOWS\System32\USER32.dll
0x00007ff81ec90000 - 0x00007ff81ecb1000 	C:\WINDOWS\System32\win32u.dll
0x00007ff81ff10000 - 0x00007ff81ff36000 	C:\WINDOWS\System32\GDI32.dll
0x00007ff81def0000 - 0x00007ff81e084000 	C:\WINDOWS\System32\gdi32full.dll
0x00007ff81ef70000 - 0x00007ff81f00e000 	C:\WINDOWS\System32\msvcp_win.dll
0x00007ff81ee70000 - 0x00007ff81ef6a000 	C:\WINDOWS\System32\ucrtbase.dll
0x00007ff8089f0000 - 0x00007ff808c75000 	C:\WINDOWS\WinSxS\amd64_microsoft.windows.common-controls_6595b64144ccf1df_6.0.18362.535_none_e6c3b34713100821\COMCTL32.dll
0x00007ff81fb70000 - 0x00007ff81fea6000 	C:\WINDOWS\System32\combase.dll
0x00007ff81ec10000 - 0x00007ff81ec90000 	C:\WINDOWS\System32\bcryptPrimitives.dll
0x00007ff81f970000 - 0x00007ff81f99e000 	C:\WINDOWS\System32\IMM32.DLL
0x0000000061f40000 - 0x0000000062012000 	C:\Program Files\Java\jre1.8.0_221\bin\msvcr100.dll
0x0000000060e50000 - 0x00000000616f5000 	C:\Program Files\Java\jre1.8.0_221\bin\server\jvm.dll
0x00007ff81f590000 - 0x00007ff81f598000 	C:\WINDOWS\System32\PSAPI.DLL
0x00007ff80f040000 - 0x00007ff80f049000 	C:\WINDOWS\SYSTEM32\WSOCK32.dll
0x00007ff820d10000 - 0x00007ff820d7f000 	C:\WINDOWS\System32\WS2_32.dll
0x00007ff81b890000 - 0x00007ff81b8b4000 	C:\WINDOWS\SYSTEM32\WINMM.dll
0x00007ff813c40000 - 0x00007ff813c4a000 	C:\WINDOWS\SYSTEM32\VERSION.dll
0x00007ff81b7f0000 - 0x00007ff81b81d000 	C:\WINDOWS\SYSTEM32\WINMMBASE.dll
0x00007ff81e840000 - 0x00007ff81e88a000 	C:\WINDOWS\System32\cfgmgr32.dll
0x00007ff804060000 - 0x00007ff80406f000 	C:\Program Files\Java\jre1.8.0_221\bin\verify.dll
0x00007ffff38f0000 - 0x00007ffff3919000 	C:\Program Files\Java\jre1.8.0_221\bin\java.dll
0x00007ff8002b0000 - 0x00007ff8002c6000 	C:\Program Files\Java\jre1.8.0_221\bin\zip.dll
0x00007ff820480000 - 0x00007ff820b65000 	C:\WINDOWS\System32\SHELL32.dll
0x00007ff81f010000 - 0x00007ff81f0b9000 	C:\WINDOWS\System32\shcore.dll
0x00007ff81e090000 - 0x00007ff81e80f000 	C:\WINDOWS\System32\windows.storage.dll
0x00007ff81ded0000 - 0x00007ff81deef000 	C:\WINDOWS\System32\profapi.dll
0x00007ff81de60000 - 0x00007ff81deaa000 	C:\WINDOWS\System32\powrprof.dll
0x00007ff81de30000 - 0x00007ff81de40000 	C:\WINDOWS\System32\UMPDC.dll
0x00007ff820420000 - 0x00007ff820472000 	C:\WINDOWS\System32\shlwapi.dll
0x00007ff81de40000 - 0x00007ff81de51000 	C:\WINDOWS\System32\kernel.appcore.dll
0x00007ff81e890000 - 0x00007ff81e8a7000 	C:\WINDOWS\System32\cryptsp.dll
0x0000000001fb0000 - 0x0000000001fb3000 	C:\Program Files\Java\jre1.8.0_221\bin\api-ms-win-core-console-l1-1-0.dll
0x0000000001fc0000 - 0x0000000001fc3000 	C:\Program Files\Java\jre1.8.0_221\bin\api-ms-win-core-datetime-l1-1-0.dll
0x0000000001fd0000 - 0x0000000001fd3000 	C:\Program Files\Java\jre1.8.0_221\bin\api-ms-win-core-debug-l1-1-0.dll
0x0000000001fe0000 - 0x0000000001fe3000 	C:\Program Files\Java\jre1.8.0_221\bin\api-ms-win-core-errorhandling-l1-1-0.dll
0x0000000002000000 - 0x0000000002004000 	C:\Program Files\Java\jre1.8.0_221\bin\api-ms-win-core-file-l1-1-0.dll
0x0000000002010000 - 0x0000000002013000 	C:\Program Files\Java\jre1.8.0_221\bin\api-ms-win-core-file-l1-2-0.dll
0x00000000168b0000 - 0x00000000168b3000 	C:\Program Files\Java\jre1.8.0_221\bin\api-ms-win-core-file-l2-1-0.dll
0x00000000168c0000 - 0x00000000168c3000 	C:\Program Files\Java\jre1.8.0_221\bin\api-ms-win-core-handle-l1-1-0.dll
0x00000000168d0000 - 0x00000000168d3000 	C:\Program Files\Java\jre1.8.0_221\bin\api-ms-win-core-heap-l1-1-0.dll
0x00000000168e0000 - 0x00000000168e3000 	C:\Program Files\Java\jre1.8.0_221\bin\api-ms-win-core-interlocked-l1-1-0.dll
0x00000000168f0000 - 0x00000000168f3000 	C:\Program Files\Java\jre1.8.0_221\bin\api-ms-win-core-libraryloader-l1-1-0.dll
0x0000000016900000 - 0x0000000016903000 	C:\Program Files\Java\jre1.8.0_221\bin\api-ms-win-core-localization-l1-2-0.dll
0x0000000016910000 - 0x0000000016913000 	C:\Program Files\Java\jre1.8.0_221\bin\api-ms-win-core-memory-l1-1-0.dll
0x0000000016920000 - 0x0000000016923000 	C:\Program Files\Java\jre1.8.0_221\bin\api-ms-win-core-namedpipe-l1-1-0.dll
0x0000000016930000 - 0x0000000016933000 	C:\Program Files\Java\jre1.8.0_221\bin\api-ms-win-core-processenvironment-l1-1-0.dll
0x0000000016940000 - 0x0000000016943000 	C:\Program Files\Java\jre1.8.0_221\bin\api-ms-win-core-processthreads-l1-1-0.dll
0x0000000016950000 - 0x0000000016953000 	C:\Program Files\Java\jre1.8.0_221\bin\api-ms-win-core-processthreads-l1-1-1.dll
0x0000000016960000 - 0x0000000016963000 	C:\Program Files\Java\jre1.8.0_221\bin\api-ms-win-core-profile-l1-1-0.dll
0x0000000016970000 - 0x0000000016973000 	C:\Program Files\Java\jre1.8.0_221\bin\api-ms-win-core-rtlsupport-l1-1-0.dll
0x0000000016980000 - 0x0000000016983000 	C:\Program Files\Java\jre1.8.0_221\bin\api-ms-win-core-string-l1-1-0.dll
0x0000000016990000 - 0x0000000016993000 	C:\Program Files\Java\jre1.8.0_221\bin\api-ms-win-core-synch-l1-1-0.dll
0x00000000169a0000 - 0x00000000169a3000 	C:\Program Files\Java\jre1.8.0_221\bin\api-ms-win-core-synch-l1-2-0.dll
0x00000000169b0000 - 0x00000000169b3000 	C:\Program Files\Java\jre1.8.0_221\bin\api-ms-win-core-sysinfo-l1-1-0.dll
0x00000000169c0000 - 0x00000000169c3000 	C:\Program Files\Java\jre1.8.0_221\bin\api-ms-win-core-timezone-l1-1-0.dll
0x00000000169d0000 - 0x00000000169d3000 	C:\Program Files\Java\jre1.8.0_221\bin\api-ms-win-core-util-l1-1-0.dll
0x00000000169e0000 - 0x00000000169e3000 	C:\Program Files\Java\jre1.8.0_221\bin\api-ms-win-crt-conio-l1-1-0.dll
0x00000000169f0000 - 0x00000000169f4000 	C:\Program Files\Java\jre1.8.0_221\bin\api-ms-win-crt-convert-l1-1-0.dll
0x0000000016a00000 - 0x0000000016a03000 	C:\Program Files\Java\jre1.8.0_221\bin\api-ms-win-crt-environment-l1-1-0.dll
0x0000000016a10000 - 0x0000000016a13000 	C:\Program Files\Java\jre1.8.0_221\bin\api-ms-win-crt-filesystem-l1-1-0.dll
0x0000000016a20000 - 0x0000000016a23000 	C:\Program Files\Java\jre1.8.0_221\bin\api-ms-win-crt-heap-l1-1-0.dll
0x0000000016a30000 - 0x0000000016a33000 	C:\Program Files\Java\jre1.8.0_221\bin\api-ms-win-crt-locale-l1-1-0.dll
0x0000000016a40000 - 0x0000000016a45000 	C:\Program Files\Java\jre1.8.0_221\bin\api-ms-win-crt-math-l1-1-0.dll
0x0000000016a50000 - 0x0000000016a55000 	C:\Program Files\Java\jre1.8.0_221\bin\api-ms-win-crt-multibyte-l1-1-0.dll
0x0000000016a60000 - 0x0000000016a70000 	C:\Program Files\Java\jre1.8.0_221\bin\api-ms-win-crt-private-l1-1-0.dll
0x0000000016a70000 - 0x0000000016a73000 	C:\Program Files\Java\jre1.8.0_221\bin\api-ms-win-crt-process-l1-1-0.dll
0x0000000016a80000 - 0x0000000016a84000 	C:\Program Files\Java\jre1.8.0_221\bin\api-ms-win-crt-runtime-l1-1-0.dll
0x0000000016a90000 - 0x0000000016a94000 	C:\Program Files\Java\jre1.8.0_221\bin\api-ms-win-crt-stdio-l1-1-0.dll
0x0000000016aa0000 - 0x0000000016aa4000 	C:\Program Files\Java\jre1.8.0_221\bin\api-ms-win-crt-string-l1-1-0.dll
0x0000000016ab0000 - 0x0000000016ab3000 	C:\Program Files\Java\jre1.8.0_221\bin\api-ms-win-crt-time-l1-1-0.dll
0x0000000016ac0000 - 0x0000000016ac3000 	C:\Program Files\Java\jre1.8.0_221\bin\api-ms-win-crt-utility-l1-1-0.dll
0x00007ffff0e00000 - 0x00007ffff0ef6000 	C:\Program Files\Java\jre1.8.0_221\bin\ucrtbase.dll
0x00007ff815060000 - 0x00007ff815076000 	C:\Program Files\Java\jre1.8.0_221\bin\vcruntime140.dll
0x00007fffeb410000 - 0x00007fffeb4ba000 	C:\Program Files\Java\jre1.8.0_221\bin\msvcp140.dll
0x00007ffff4fb0000 - 0x00007ffff5004000 	C:\Program Files\Java\jre1.8.0_221\bin\concrt140.dll
0x00007ff8107b0000 - 0x00007ff8107d3000 	C:\Program Files\Java\jre1.8.0_221\bin\prism_d3d.dll
0x00007ffff6380000 - 0x00007ffff6547000 	C:\WINDOWS\system32\d3d9.dll
0x00007ff81c510000 - 0x00007ff81c53d000 	C:\WINDOWS\SYSTEM32\dwmapi.dll
0x00007ff81caa0000 - 0x00007ff81cac0000 	C:\WINDOWS\SYSTEM32\dxcore.dll
0x00007ff81c0f0000 - 0x00007ff81c189000 	C:\WINDOWS\system32\uxtheme.dll
0x00007fffd15b0000 - 0x00007fffd3aee000 	C:\WINDOWS\SYSTEM32\igdumdim64.dll
0x00007ff81f800000 - 0x00007ff81f8c4000 	C:\WINDOWS\System32\OLEAUT32.dll
0x00007ff81f0c0000 - 0x00007ff81f216000 	C:\WINDOWS\System32\ole32.dll
0x00007ff81ffb0000 - 0x00007ff820420000 	C:\WINDOWS\System32\SETUPAPI.dll
0x00007ff81e810000 - 0x00007ff81e836000 	C:\WINDOWS\System32\bcrypt.dll
0x00007ffffe0d0000 - 0x00007ffffe119000 	C:\Program Files\Java\jre1.8.0_221\bin\glass.dll
0x00007ff81f6a0000 - 0x00007ff81f770000 	C:\WINDOWS\System32\COMDLG32.dll
0x00007ff81f220000 - 0x00007ff81f355000 	C:\WINDOWS\System32\MSCTF.dll
0x00007ff811990000 - 0x00007ff8123d0000 	C:\WINDOWS\SYSTEM32\igdusc64.dll
0x00007ff802860000 - 0x00007ff80288c000 	C:\Program Files\Java\jre1.8.0_221\bin\javafx_iio.dll
0x00007ff814ab0000 - 0x00007ff814ac4000 	C:\Program Files\Java\jre1.8.0_221\bin\javafx_font.dll
0x00007ff814d60000 - 0x00007ff81505e000 	C:\WINDOWS\SYSTEM32\dwrite.dll
0x00007ff81f4d0000 - 0x00007ff81f572000 	C:\WINDOWS\System32\clbcatq.dll
0x00007ff815da0000 - 0x00007ff815f4f000 	C:\WINDOWS\SYSTEM32\WindowsCodecs.dll
0x00007ff8064e0000 - 0x00007ff80651a000 	C:\WINDOWS\system32\dataexchange.dll
0x00007ff81b0d0000 - 0x00007ff81b32b000 	C:\WINDOWS\system32\d3d11.dll
0x00007ff81aed0000 - 0x00007ff81b0ab000 	C:\WINDOWS\system32\dcomp.dll
0x00007ff81cac0000 - 0x00007ff81cbab000 	C:\WINDOWS\system32\dxgi.dll
0x00007ff81c1c0000 - 0x00007ff81c41a000 	C:\WINDOWS\system32\twinapi.appcore.dll
0x00007ff81c540000 - 0x00007ff81c569000 	C:\WINDOWS\system32\RMCLIENT.dll
0x00007ffff0dc0000 - 0x00007ffff0df3000 	C:\Program Files\Common Files\Microsoft Shared\Ink\rtscom.dll
0x00007ff8163b0000 - 0x00007ff81644e000 	C:\WINDOWS\System32\TextInputFramework.dll
0x00007ff816830000 - 0x00007ff816b5a000 	C:\WINDOWS\System32\CoreUIComponents.dll
0x00007ff81b8c0000 - 0x00007ff81b994000 	C:\WINDOWS\System32\CoreMessaging.dll
0x00007ff81ce90000 - 0x00007ff81cec1000 	C:\WINDOWS\SYSTEM32\ntmarta.dll
0x00007ff81b420000 - 0x00007ff81b573000 	C:\WINDOWS\SYSTEM32\wintypes.dll
0x00007ff814050000 - 0x00007ff8142f6000 	C:\WINDOWS\System32\iertutil.dll
0x00007ff810790000 - 0x00007ff8107a1000 	C:\Program Files\Java\jre1.8.0_221\bin\prism_common.dll
0x00007ff81a140000 - 0x00007ff81a700000 	C:\WINDOWS\SYSTEM32\d2d1.dll
0x00007fffed820000 - 0x00007fffedf61000 	C:\WINDOWS\SYSTEM32\D3D10Warp.dll

VM Arguments:
jvm_args: -Dfile.encoding=Cp1252 
java_command: Main
java_class_path (initial): C:\Users\Utente\Desktop\WhatEat2000\bin;C:\Users\Utente\.p2\pool\plugins\org.junit.jupiter.api_5.5.1.v20190826-0900.jar;C:\Users\Utente\.p2\pool\plugins\org.junit.jupiter.engine_5.5.1.v20190826-0900.jar;C:\Users\Utente\.p2\pool\plugins\org.junit.jupiter.migrationsupport_5.5.1.v20190826-0900.jar;C:\Users\Utente\.p2\pool\plugins\org.junit.jupiter.params_5.5.1.v20190826-0900.jar;C:\Users\Utente\.p2\pool\plugins\org.junit.platform.commons_1.5.1.v20190826-0900.jar;C:\Users\Utente\.p2\pool\plugins\org.junit.platform.engine_1.5.1.v20190826-0900.jar;C:\Users\Utente\.p2\pool\plugins\org.junit.platform.launcher_1.5.1.v20190826-0900.jar;C:\Users\Utente\.p2\pool\plugins\org.junit.platform.runner_1.5.1.v20190826-0900.jar;C:\Users\Utente\.p2\pool\plugins\org.junit.platform.suite.api_1.5.1.v20190826-0900.jar;C:\Users\Utente\.p2\pool\plugins\org.junit.vintage.engine_5.5.1.v20190826-0900.jar;C:\Users\Utente\.p2\pool\plugins\org.opentest4j_1.2.0.v20190826-0900.jar;C:\Users\Utente\.p2\pool\plugins\org.apiguardian_1.1.0.v20190826-0900.jar;C:\Users\Utente\.p2\pool\plugins\org.junit_4.12.0.v201504281640\junit.jar;C:\Users\Utente\.p2\pool\plugins\org.hamcrest.core_1.3.0.v20180420-1519.jar;C:\Users\Utente\Downloads\postgresql-42.2.9.jar
Launcher Type: SUN_STANDARD

Environment Variables:
JAVA_HOME=C:\Program Files\Java\jdk-11
PATH=C:/Program Files/Java/jre1.8.0_221/bin/server;C:/Program Files/Java/jre1.8.0_221/bin;C:/Program Files/Java/jre1.8.0_221/lib/amd64;C:\Program Files (x86)\Common Files\Oracle\Java\javapath;C:\Program Files (x86)\Scripts\;C:\Program Files (x86)\;C:\WINDOWS\system32;C:\WINDOWS;C:\WINDOWS\System32\Wbem;C:\WINDOWS\System32\WindowsPowerShell\v1.0\;C:\Program Files (x86)\Skype\Phone\;C:\Program Files (x86)\Windows Live\Shared;'C:\\Program Files (x86)';C:\Program Files\mingw-w64;C:\WINDOWS\System32\OpenSSH\;C:\Program Files\Java\jdk-11\bin;C:\Program Files\TortoiseSVN\bin;C:\Program Files\mingw-w64;C:\Users\Utente\AppData\Local\Microsoft\WindowsApps;C:\Program Files\Java\jdk-11\bin;;C:\Users\Utente\Desktop;
USERNAME=Utente
OS=Windows_NT
PROCESSOR_IDENTIFIER=Intel64 Family 6 Model 61 Stepping 4, GenuineIntel



---------------  S Y S T E M  ---------------

OS: Windows 10.0 , 64 bit Build 18362 (10.0.18362.329)

CPU:total 4 (initial active 4) (2 cores per cpu, 2 threads per core) family 6 model 61 stepping 4, cmov, cx8, fxsr, mmx, sse, sse2, sse3, ssse3, sse4.1, sse4.2, popcnt, avx, avx2, aes, clmul, erms, 3dnowpref, lzcnt, ht, tsc, tscinvbit, bmi1, bmi2, adx

Memory: 4k page, physical 4111296k(386356k free), swap 7900096k(5124k free)

vm_info: Java HotSpot(TM) 64-Bit Server VM (25.221-b11) for windows-amd64 JRE (1.8.0_221-b11), built on Jul  4 2019 04:39:29 by "java_re" with MS VC++ 10.0 (VS2010)

time: Fri Jan 03 19:58:52 2020
timezone: ora solare Europa occidentale
elapsed time: 8 seconds (0d 0h 0m 8s)

