#
# There is insufficient memory for the Java Runtime Environment to continue.
# Native memory allocation (malloc) failed to allocate 32744 bytes for ChunkPool::allocate
# Possible reasons:
#   The system is out of physical RAM or swap space
#   The process is running with CompressedOops enabled, and the Java Heap may be blocking the growth of the native heap
# Possible solutions:
#   Reduce memory load on the system
#   Increase physical memory or swap space
#   Check if swap backing store is full
#   Decrease Java heap size (-Xmx/-Xms)
#   Decrease number of Java threads
#   Decrease Java thread stack sizes (-Xss)
#   Set larger code cache with -XX:ReservedCodeCacheSize=
#   JVM is running with Unscaled Compressed Oops mode in which the Java heap is
#     placed in the first 4GB address space. The Java Heap base address is the
#     maximum limit for the native heap growth. Please use -XX:HeapBaseMinAddress
#     to set the Java Heap base and to place the Java Heap above 4GB virtual address.
# This output file may be truncated or incomplete.
#
#  Out of Memory Error (allocation.cpp:272), pid=736, tid=0x0000000000002a28
#
# JRE version: Java(TM) SE Runtime Environment (8.0_221-b11) (build 1.8.0_221-b11)
# Java VM: Java HotSpot(TM) 64-Bit Server VM (25.221-b11 mixed mode windows-amd64 compressed oops)
# Failed to write core dump. Minidumps are not enabled by default on client versions of Windows
#

---------------  T H R E A D  ---------------

Current thread (0x000000001497a000):  JavaThread "C1 CompilerThread2" daemon [_thread_in_native, id=10792, stack(0x00000000165a0000,0x00000000166a0000)]

Stack: [0x00000000165a0000,0x00000000166a0000]
[error occurred during error reporting (printing stack bounds), id 0xc0000005]

Native frames: (J=compiled Java code, j=interpreted, Vv=VM code, C=native code)


Current CompileTask:
C1:  13141 3314       3       javafx.scene.layout.Background::computeOpaqueInsets (1450 bytes)


---------------  P R O C E S S  ---------------

Java Threads: ( => current thread )
  0x000000001bb72800 JavaThread "Prism Font Disposer" daemon [_thread_blocked, id=8948, stack(0x000000001d930000,0x000000001da30000)]
  0x0000000016550000 JavaThread "Thread-3" daemon [_thread_in_native, id=14756, stack(0x000000001c160000,0x000000001c260000)]
  0x0000000016522000 JavaThread "JavaFX Application Thread" [_thread_in_vm, id=5448, stack(0x0000000016f70000,0x0000000017070000)]
  0x0000000016504000 JavaThread "Thread-2" daemon [_thread_blocked, id=15180, stack(0x0000000016e70000,0x0000000016f70000)]
  0x00000000164e6800 JavaThread "QuantumRenderer-0" daemon [_thread_blocked, id=15480, stack(0x0000000016c20000,0x0000000016d20000)]
  0x00000000164a5000 JavaThread "JavaFX-Launcher" [_thread_blocked, id=14612, stack(0x00000000168a0000,0x00000000169a0000)]
  0x00000000161b1000 JavaThread "Service Thread" daemon [_thread_blocked, id=3792, stack(0x00000000166a0000,0x00000000167a0000)]
=>0x000000001497a000 JavaThread "C1 CompilerThread2" daemon [_thread_in_native, id=10792, stack(0x00000000165a0000,0x00000000166a0000)]
  0x0000000014973800 JavaThread "C2 CompilerThread1" daemon [_thread_blocked, id=12760, stack(0x00000000160a0000,0x00000000161a0000)]
  0x000000001491d800 JavaThread "C2 CompilerThread0" daemon [_thread_in_native, id=9552, stack(0x0000000015fa0000,0x00000000160a0000)]
  0x000000001491c000 JavaThread "Attach Listener" daemon [_thread_blocked, id=11632, stack(0x0000000015ea0000,0x0000000015fa0000)]
  0x0000000014928000 JavaThread "Signal Dispatcher" daemon [_thread_blocked, id=724, stack(0x0000000015da0000,0x0000000015ea0000)]
  0x00000000022ee800 JavaThread "Finalizer" daemon [_thread_blocked, id=12028, stack(0x0000000015b80000,0x0000000015c80000)]
  0x00000000022e3000 JavaThread "Reference Handler" daemon [_thread_blocked, id=4412, stack(0x0000000015a80000,0x0000000015b80000)]
  0x00000000020ee000 JavaThread "main" [_thread_blocked, id=12080, stack(0x00000000020f0000,0x00000000021f0000)]

Other Threads:
  0x00000000148e8800 VMThread [stack: 0x0000000015980000,0x0000000015a80000] [id=8536]
  0x00000000161b2000 WatcherThread [stack: 0x00000000167a0000,0x00000000168a0000] [id=9528]

VM state:not at safepoint (normal execution)

VM Mutex/Monitor currently owned by a thread: None

heap address: 0x00000000c1400000, size: 1004 MB, Compressed Oops mode: 32-bit
Narrow klass base: 0x0000000000000000, Narrow klass shift: 3
Compressed class space size: 1073741824 Address: 0x0000000100000000

Heap:
 PSYoungGen      total 28672K, used 18400K [0x00000000eb180000, 0x00000000edb80000, 0x0000000100000000)
  eden space 15872K, 35% used [0x00000000eb180000,0x00000000eb6fa0d8,0x00000000ec100000)
  from space 12800K, 99% used [0x00000000ece00000,0x00000000eda7e2a0,0x00000000eda80000)
  to   space 13312K, 0% used [0x00000000ec100000,0x00000000ec100000,0x00000000ece00000)
 ParOldGen       total 44032K, used 30011K [0x00000000c1400000, 0x00000000c3f00000, 0x00000000eb180000)
  object space 44032K, 68% used [0x00000000c1400000,0x00000000c314ec50,0x00000000c3f00000)
 Metaspace       used 19256K, capacity 20410K, committed 20736K, reserved 1067008K
  class space    used 2747K, capacity 2984K, committed 3072K, reserved 1048576K

Card table byte_map: [0x00000000116b0000,0x00000000118b0000] byte_map_base: 0x00000000110a6000

Marking Bits: (ParMarkBitMap*) 0x0000000061675ce0
 Begin Bits: [0x0000000011e00000, 0x0000000012db0000)
 End Bits:   [0x0000000012db0000, 0x0000000013d60000)

Polling page: 0x00000000003e0000

CodeCache: size=245760Kb used=10804Kb max_used=10816Kb free=234955Kb
 bounds [0x00000000022f0000, 0x0000000002d90000, 0x00000000112f0000]
 total_blobs=3962 nmethods=3294 adapters=580
 compilation: enabled

Compilation events (10 events):
Event: 12.959 Thread 0x000000001497a000 nmethod 3303 0x0000000002d7c410 code [0x0000000002d7c5a0, 0x0000000002d7cad0]
Event: 12.959 Thread 0x000000001497a000 3311       3       javafx.scene.layout.Pane::getConstraint (26 bytes)
Event: 12.959 Thread 0x000000001497a000 nmethod 3311 0x0000000002d7cc50 code [0x0000000002d7ce20, 0x0000000002d7d758]
Event: 12.959 Thread 0x000000001497a000 3312       3       javafx.scene.layout.Region::isScaleShape (19 bytes)
Event: 12.960 Thread 0x000000001497a000 nmethod 3312 0x0000000002d7db50 code [0x0000000002d7dcc0, 0x0000000002d7e088]
Event: 12.960 Thread 0x000000001497a000 3304       3       javafx.scene.Node$StyleableProperties$14::isSettable (9 bytes)
Event: 12.960 Thread 0x000000001497a000 nmethod 3304 0x0000000002d7e1d0 code [0x0000000002d7e360, 0x0000000002d7e870]
Event: 12.960 Thread 0x000000001497a000 3313       3       com.sun.javafx.sg.prism.NGNode::setTransformedBounds (95 bytes)
Event: 12.961 Thread 0x000000001497a000 nmethod 3313 0x0000000002d7ea10 code [0x0000000002d7ec00, 0x0000000002d7f658]
Event: 12.961 Thread 0x000000001497a000 3314       3       javafx.scene.layout.Background::computeOpaqueInsets (1450 bytes)

GC Heap History (10 events):
Event: 6.681 GC heap before
{Heap before GC invocations=4 (full 0):
 PSYoungGen      total 18944K, used 15419K [0x00000000eb180000, 0x00000000ec680000, 0x0000000100000000)
  eden space 16384K, 78% used [0x00000000eb180000,0x00000000ebe11118,0x00000000ec180000)
  from space 2560K, 99% used [0x00000000ec180000,0x00000000ec3fdb70,0x00000000ec400000)
  to   space 2560K, 0% used [0x00000000ec400000,0x00000000ec400000,0x00000000ec680000)
 ParOldGen       total 44032K, used 13383K [0x00000000c1400000, 0x00000000c3f00000, 0x00000000eb180000)
  object space 44032K, 30% used [0x00000000c1400000,0x00000000c2111e50,0x00000000c3f00000)
 Metaspace       used 16264K, capacity 16948K, committed 17152K, reserved 1064960K
  class space    used 2362K, capacity 2516K, committed 2560K, reserved 1048576K
Event: 6.696 GC heap after
Heap after GC invocations=4 (full 0):
 PSYoungGen      total 18944K, used 2534K [0x00000000eb180000, 0x00000000ec680000, 0x0000000100000000)
  eden space 16384K, 0% used [0x00000000eb180000,0x00000000eb180000,0x00000000ec180000)
  from space 2560K, 99% used [0x00000000ec400000,0x00000000ec679b80,0x00000000ec680000)
  to   space 2560K, 0% used [0x00000000ec180000,0x00000000ec180000,0x00000000ec400000)
 ParOldGen       total 44032K, used 21610K [0x00000000c1400000, 0x00000000c3f00000, 0x00000000eb180000)
  object space 44032K, 49% used [0x00000000c1400000,0x00000000c291a860,0x00000000c3f00000)
 Metaspace       used 16264K, capacity 16948K, committed 17152K, reserved 1064960K
  class space    used 2362K, capacity 2516K, committed 2560K, reserved 1048576K
}
Event: 8.385 GC heap before
{Heap before GC invocations=5 (full 0):
 PSYoungGen      total 18944K, used 18918K [0x00000000eb180000, 0x00000000ec680000, 0x0000000100000000)
  eden space 16384K, 100% used [0x00000000eb180000,0x00000000ec180000,0x00000000ec180000)
  from space 2560K, 99% used [0x00000000ec400000,0x00000000ec679b80,0x00000000ec680000)
  to   space 2560K, 0% used [0x00000000ec180000,0x00000000ec180000,0x00000000ec400000)
 ParOldGen       total 44032K, used 21610K [0x00000000c1400000, 0x00000000c3f00000, 0x00000000eb180000)
  object space 44032K, 49% used [0x00000000c1400000,0x00000000c291a860,0x00000000c3f00000)
 Metaspace       used 16972K, capacity 17660K, committed 17792K, reserved 1064960K
  class space    used 2466K, capacity 2649K, committed 2688K, reserved 1048576K
Event: 8.397 GC heap after
Heap after GC invocations=5 (full 0):
 PSYoungGen      total 18944K, used 2550K [0x00000000eb180000, 0x00000000eda80000, 0x0000000100000000)
  eden space 16384K, 0% used [0x00000000eb180000,0x00000000eb180000,0x00000000ec180000)
  from space 2560K, 99% used [0x00000000ec180000,0x00000000ec3fdb70,0x00000000ec400000)
  to   space 12800K, 0% used [0x00000000ece00000,0x00000000ece00000,0x00000000eda80000)
 ParOldGen       total 44032K, used 27179K [0x00000000c1400000, 0x00000000c3f00000, 0x00000000eb180000)
  object space 44032K, 61% used [0x00000000c1400000,0x00000000c2e8aca0,0x00000000c3f00000)
 Metaspace       used 16972K, capacity 17660K, committed 17792K, reserved 1064960K
  class space    used 2466K, capacity 2649K, committed 2688K, reserved 1048576K
}
Event: 8.769 GC heap before
{Heap before GC invocations=6 (full 0):
 PSYoungGen      total 18944K, used 18934K [0x00000000eb180000, 0x00000000eda80000, 0x0000000100000000)
  eden space 16384K, 100% used [0x00000000eb180000,0x00000000ec180000,0x00000000ec180000)
  from space 2560K, 99% used [0x00000000ec180000,0x00000000ec3fdb70,0x00000000ec400000)
  to   space 12800K, 0% used [0x00000000ece00000,0x00000000ece00000,0x00000000eda80000)
 ParOldGen       total 44032K, used 27179K [0x00000000c1400000, 0x00000000c3f00000, 0x00000000eb180000)
  object space 44032K, 61% used [0x00000000c1400000,0x00000000c2e8aca0,0x00000000c3f00000)
 Metaspace       used 17068K, capacity 17794K, committed 18048K, reserved 1064960K
  class space    used 2467K, capacity 2650K, committed 2688K, reserved 1048576K
Event: 8.778 GC heap after
Heap after GC invocations=6 (full 0):
 PSYoungGen      total 28672K, used 2934K [0x00000000eb180000, 0x00000000edb80000, 0x0000000100000000)
  eden space 15872K, 0% used [0x00000000eb180000,0x00000000eb180000,0x00000000ec100000)
  from space 12800K, 22% used [0x00000000ece00000,0x00000000ed0ddb70,0x00000000eda80000)
  to   space 13312K, 0% used [0x00000000ec100000,0x00000000ec100000,0x00000000ece00000)
 ParOldGen       total 44032K, used 27179K [0x00000000c1400000, 0x00000000c3f00000, 0x00000000eb180000)
  object space 44032K, 61% used [0x00000000c1400000,0x00000000c2e8aca0,0x00000000c3f00000)
 Metaspace       used 17068K, capacity 17794K, committed 18048K, reserved 1064960K
  class space    used 2467K, capacity 2650K, committed 2688K, reserved 1048576K
}
Event: 9.323 GC heap before
{Heap before GC invocations=7 (full 0):
 PSYoungGen      total 28672K, used 18806K [0x00000000eb180000, 0x00000000edb80000, 0x0000000100000000)
  eden space 15872K, 100% used [0x00000000eb180000,0x00000000ec100000,0x00000000ec100000)
  from space 12800K, 22% used [0x00000000ece00000,0x00000000ed0ddb70,0x00000000eda80000)
  to   space 13312K, 0% used [0x00000000ec100000,0x00000000ec100000,0x00000000ece00000)
 ParOldGen       total 44032K, used 27179K [0x00000000c1400000, 0x00000000c3f00000, 0x00000000eb180000)
  object space 44032K, 61% used [0x00000000c1400000,0x00000000c2e8aca0,0x00000000c3f00000)
 Metaspace       used 17584K, capacity 18374K, committed 18688K, reserved 1064960K
  class space    used 2529K, capacity 2700K, committed 2816K, reserved 1048576K
Event: 9.354 GC heap after
Heap after GC invocations=7 (full 0):
 PSYoungGen      total 29184K, used 8720K [0x00000000eb180000, 0x00000000edb80000, 0x0000000100000000)
  eden space 15872K, 0% used [0x00000000eb180000,0x00000000eb180000,0x00000000ec100000)
  from space 13312K, 65% used [0x00000000ec100000,0x00000000ec984250,0x00000000ece00000)
  to   space 12800K, 0% used [0x00000000ece00000,0x00000000ece00000,0x00000000eda80000)
 ParOldGen       total 44032K, used 28372K [0x00000000c1400000, 0x00000000c3f00000, 0x00000000eb180000)
  object space 44032K, 64% used [0x00000000c1400000,0x00000000c2fb5020,0x00000000c3f00000)
 Metaspace       used 17584K, capacity 18374K, committed 18688K, reserved 1064960K
  class space    used 2529K, capacity 2700K, committed 2816K, reserved 1048576K
}
Event: 12.812 GC heap before
{Heap before GC invocations=8 (full 0):
 PSYoungGen      total 29184K, used 24592K [0x00000000eb180000, 0x00000000edb80000, 0x0000000100000000)
  eden space 15872K, 100% used [0x00000000eb180000,0x00000000ec100000,0x00000000ec100000)
  from space 13312K, 65% used [0x00000000ec100000,0x00000000ec984250,0x00000000ece00000)
  to   space 12800K, 0% used [0x00000000ece00000,0x00000000ece00000,0x00000000eda80000)
 ParOldGen       total 44032K, used 28372K [0x00000000c1400000, 0x00000000c3f00000, 0x00000000eb180000)
  object space 44032K, 64% used [0x00000000c1400000,0x00000000c2fb5020,0x00000000c3f00000)
 Metaspace       used 19105K, capacity 20234K, committed 20352K, reserved 1067008K
  class space    used 2727K, capacity 2938K, committed 2944K, reserved 1048576K
Event: 12.823 GC heap after
Heap after GC invocations=8 (full 0):
 PSYoungGen      total 28672K, used 12792K [0x00000000eb180000, 0x00000000edb80000, 0x0000000100000000)
  eden space 15872K, 0% used [0x00000000eb180000,0x00000000eb180000,0x00000000ec100000)
  from space 12800K, 99% used [0x00000000ece00000,0x00000000eda7e2a0,0x00000000eda80000)
  to   space 13312K, 0% used [0x00000000ec100000,0x00000000ec100000,0x00000000ece00000)
 ParOldGen       total 44032K, used 30011K [0x00000000c1400000, 0x00000000c3f00000, 0x00000000eb180000)
  object space 44032K, 68% used [0x00000000c1400000,0x00000000c314ec50,0x00000000c3f00000)
 Metaspace       used 19105K, capacity 20234K, committed 20352K, reserved 1067008K
  class space    used 2727K, capacity 2938K, committed 2944K, reserved 1048576K
}

Deoptimization events (10 events):
Event: 12.833 Thread 0x0000000016522000 Uncommon trap: reason=class_check action=maybe_recompile pc=0x0000000002d30b20 method=com.sun.javafx.css.CompoundSelector.stateMatches(Ljavafx/css/Styleable;Ljava/util/Set;I)Z @ 123
Event: 12.834 Thread 0x0000000016522000 Uncommon trap: reason=unstable_if action=reinterpret pc=0x0000000002aab220 method=com.sun.javafx.css.ParsedValueImpl.containsFontRelativeSize(Ljavafx/css/ParsedValue;Z)Z @ 56
Event: 12.834 Thread 0x0000000016522000 Uncommon trap: reason=class_check action=maybe_recompile pc=0x0000000002a828ac method=javafx.scene.CssStyleHelper.lookup(Ljavafx/css/Styleable;Ljavafx/css/CssMetaData;Lcom/sun/javafx/css/StyleMap;Ljava/util/Set;Ljavafx/css/Styleable;Lcom/sun/javafx/css/Ca
Event: 12.847 Thread 0x0000000016522000 Uncommon trap: reason=unstable_if action=reinterpret pc=0x0000000002bba47c method=java.lang.StrictMath.floorOrCeil(DDDD)D @ 14
Event: 12.855 Thread 0x0000000016522000 Uncommon trap: reason=unstable_if action=reinterpret pc=0x0000000002b6d0f0 method=javafx.scene.Node.hasProperties()Z @ 16
Event: 12.874 Thread 0x0000000016522000 Uncommon trap: reason=unstable_if action=reinterpret pc=0x0000000002ce148c method=javafx.scene.Node.hasProperties()Z @ 16
Event: 12.876 Thread 0x0000000016522000 Uncommon trap: reason=bimorphic action=maybe_recompile pc=0x0000000002bccbb0 method=javafx.beans.property.BooleanPropertyBase.get()Z @ 23
Event: 12.876 Thread 0x0000000016522000 Uncommon trap: reason=bimorphic action=maybe_recompile pc=0x0000000002bccbb0 method=javafx.beans.property.BooleanPropertyBase.get()Z @ 23
Event: 12.942 Thread 0x0000000016522000 Uncommon trap: reason=unstable_if action=reinterpret pc=0x0000000002bba1fc method=java.lang.Math.round(D)J @ 48
Event: 12.955 Thread 0x0000000016522000 Uncommon trap: reason=class_check action=maybe_recompile pc=0x0000000002a828ac method=javafx.scene.CssStyleHelper.lookup(Ljavafx/css/Styleable;Ljavafx/css/CssMetaData;Lcom/sun/javafx/css/StyleMap;Ljava/util/Set;Ljavafx/css/Styleable;Lcom/sun/javafx/css/Ca

Classes redefined (0 events):
No events

Internal exceptions (10 events):
Event: 0.551 Thread 0x00000000164a5000 Exception <a 'java/security/PrivilegedActionException'> (0x00000000eb42ee90) thrown at [C:\re\workspace\8-2-build-windows-amd64-cygwin\jdk8u221\13320\hotspot\src\share\vm\prims\jvm.cpp, line 1502]
Event: 0.551 Thread 0x00000000164a5000 Exception <a 'java/security/PrivilegedActionException'> (0x00000000eb42f0a0) thrown at [C:\re\workspace\8-2-build-windows-amd64-cygwin\jdk8u221\13320\hotspot\src\share\vm\prims\jvm.cpp, line 1502]
Event: 0.552 Thread 0x00000000164a5000 Exception <a 'java/lang/NullPointerException'> (0x00000000eb42f988) thrown at [C:\re\workspace\8-2-build-windows-amd64-cygwin\jdk8u221\13320\hotspot\src\share\vm\interpreter\linkResolver.cpp, line 1185]
Event: 1.338 Thread 0x0000000016522000 Exception <a 'java/lang/NullPointerException'> (0x00000000ebd4f478) thrown at [C:\re\workspace\8-2-build-windows-amd64-cygwin\jdk8u221\13320\hotspot\src\share\vm\interpreter\linkResolver.cpp, line 1185]
Event: 1.338 Thread 0x0000000016522000 Exception <a 'java/lang/NullPointerException'> (0x00000000ebd4f478) thrown at [C:\re\workspace\8-2-build-windows-amd64-cygwin\jdk8u221\13320\hotspot\src\share\vm\prims\jvm.cpp, line 1506]
Event: 1.550 Thread 0x0000000016522000 Exception <a 'java/lang/ArrayIndexOutOfBoundsException': 58> (0x00000000eb184bc8) thrown at [C:\re\workspace\8-2-build-windows-amd64-cygwin\jdk8u221\13320\hotspot\src\share\vm\interpreter\interpreterRuntime.cpp, line 368]
Event: 1.551 Thread 0x0000000016522000 Exception <a 'java/lang/ArrayIndexOutOfBoundsException': 18> (0x00000000eb185868) thrown at [C:\re\workspace\8-2-build-windows-amd64-cygwin\jdk8u221\13320\hotspot\src\share\vm\interpreter\interpreterRuntime.cpp, line 368]
Event: 1.551 Thread 0x0000000016522000 Exception <a 'java/lang/ArrayIndexOutOfBoundsException': 86> (0x00000000eb186c10) thrown at [C:\re\workspace\8-2-build-windows-amd64-cygwin\jdk8u221\13320\hotspot\src\share\vm\interpreter\interpreterRuntime.cpp, line 368]
Event: 8.059 Thread 0x0000000016522000 Exception <a 'java/lang/ArrayIndexOutOfBoundsException'> (0x00000000ebb98d48) thrown at [C:\re\workspace\8-2-build-windows-amd64-cygwin\jdk8u221\13320\hotspot\src\share\vm\runtime\sharedRuntime.cpp, line 605]
Event: 8.073 Thread 0x0000000016522000 Exception <a 'java/lang/ArrayIndexOutOfBoundsException'> (0x00000000ebbae230) thrown at [C:\re\workspace\8-2-build-windows-amd64-cygwin\jdk8u221\13320\hotspot\src\share\vm\runtime\sharedRuntime.cpp, line 605]

Events (10 events):
Event: 12.876 Thread 0x0000000016522000 DEOPT UNPACKING pc=0x000000000233583b sp=0x000000001706a808 mode 2
Event: 12.876 Thread 0x0000000016522000 Uncommon trap: trap_request=0xffffffc6 fr.pc=0x0000000002bccbb0
Event: 12.876 Thread 0x0000000016522000 DEOPT PACKING pc=0x0000000002bccbb0 sp=0x000000001706a870
Event: 12.876 Thread 0x0000000016522000 DEOPT UNPACKING pc=0x000000000233583b sp=0x000000001706a808 mode 2
Event: 12.942 Thread 0x0000000016522000 Uncommon trap: trap_request=0xffffff65 fr.pc=0x0000000002bba1fc
Event: 12.942 Thread 0x0000000016522000 DEOPT PACKING pc=0x0000000002bba1fc sp=0x000000001706b090
Event: 12.942 Thread 0x0000000016522000 DEOPT UNPACKING pc=0x000000000233583b sp=0x000000001706afe8 mode 2
Event: 12.955 Thread 0x0000000016522000 Uncommon trap: trap_request=0xffffffde fr.pc=0x0000000002a828ac
Event: 12.955 Thread 0x0000000016522000 DEOPT PACKING pc=0x0000000002a828ac sp=0x0000000017067e70
Event: 12.955 Thread 0x0000000016522000 DEOPT UNPACKING pc=0x000000000233583b sp=0x0000000017067df8 mode 2


Dynamic libraries:
0x00007ff62bf30000 - 0x00007ff62bf67000 	C:\Program Files\Java\jre1.8.0_221\bin\javaw.exe
0x00007ff820f60000 - 0x00007ff821150000 	C:\WINDOWS\SYSTEM32\ntdll.dll
0x00007ff8038c0000 - 0x00007ff8038d4000 	C:\Program Files (x86)\AVG\Antivirus\aswhook.dll
0x00007ff81f410000 - 0x00007ff81f4c2000 	C:\WINDOWS\System32\KERNEL32.DLL
0x00007ff81e960000 - 0x00007ff81ec03000 	C:\WINDOWS\System32\KERNELBASE.dll
0x00007ff81f360000 - 0x00007ff81f403000 	C:\WINDOWS\System32\ADVAPI32.dll
0x00007ff81f600000 - 0x00007ff81f69e000 	C:\WINDOWS\System32\msvcrt.dll
0x00007ff81f8d0000 - 0x00007ff81f967000 	C:\WINDOWS\System32\sechost.dll
0x00007ff820e00000 - 0x00007ff820f20000 	C:\WINDOWS\System32\RPCRT4.dll
0x00007ff820b70000 - 0x00007ff820d04000 	C:\WINDOWS\System32\USER32.dll
0x00007ff81ec90000 - 0x00007ff81ecb1000 	C:\WINDOWS\System32\win32u.dll
0x00007ff81ff10000 - 0x00007ff81ff36000 	C:\WINDOWS\System32\GDI32.dll
0x00007ff81def0000 - 0x00007ff81e084000 	C:\WINDOWS\System32\gdi32full.dll
0x00007ff81ef70000 - 0x00007ff81f00e000 	C:\WINDOWS\System32\msvcp_win.dll
0x00007ff81ee70000 - 0x00007ff81ef6a000 	C:\WINDOWS\System32\ucrtbase.dll
0x00007ff8089f0000 - 0x00007ff808c75000 	C:\WINDOWS\WinSxS\amd64_microsoft.windows.common-controls_6595b64144ccf1df_6.0.18362.535_none_e6c3b34713100821\COMCTL32.dll
0x00007ff81fb70000 - 0x00007ff81fea6000 	C:\WINDOWS\System32\combase.dll
0x00007ff81ec10000 - 0x00007ff81ec90000 	C:\WINDOWS\System32\bcryptPrimitives.dll
0x00007ff81f970000 - 0x00007ff81f99e000 	C:\WINDOWS\System32\IMM32.DLL
0x0000000061f40000 - 0x0000000062012000 	C:\Program Files\Java\jre1.8.0_221\bin\msvcr100.dll
0x0000000060e50000 - 0x00000000616f5000 	C:\Program Files\Java\jre1.8.0_221\bin\server\jvm.dll
0x00007ff81f590000 - 0x00007ff81f598000 	C:\WINDOWS\System32\PSAPI.DLL
0x00007ff80f040000 - 0x00007ff80f049000 	C:\WINDOWS\SYSTEM32\WSOCK32.dll
0x00007ff820d10000 - 0x00007ff820d7f000 	C:\WINDOWS\System32\WS2_32.dll
0x00007ff81b890000 - 0x00007ff81b8b4000 	C:\WINDOWS\SYSTEM32\WINMM.dll
0x00007ff813c40000 - 0x00007ff813c4a000 	C:\WINDOWS\SYSTEM32\VERSION.dll
0x00007ff81b7f0000 - 0x00007ff81b81d000 	C:\WINDOWS\SYSTEM32\WINMMBASE.dll
0x00007ff81e840000 - 0x00007ff81e88a000 	C:\WINDOWS\System32\cfgmgr32.dll
0x00007ff804060000 - 0x00007ff80406f000 	C:\Program Files\Java\jre1.8.0_221\bin\verify.dll
0x00007ffff38f0000 - 0x00007ffff3919000 	C:\Program Files\Java\jre1.8.0_221\bin\java.dll
0x00007ff8002b0000 - 0x00007ff8002c6000 	C:\Program Files\Java\jre1.8.0_221\bin\zip.dll
0x00007ff820480000 - 0x00007ff820b65000 	C:\WINDOWS\System32\SHELL32.dll
0x00007ff81f010000 - 0x00007ff81f0b9000 	C:\WINDOWS\System32\shcore.dll
0x00007ff81e090000 - 0x00007ff81e80f000 	C:\WINDOWS\System32\windows.storage.dll
0x00007ff81ded0000 - 0x00007ff81deef000 	C:\WINDOWS\System32\profapi.dll
0x00007ff81de60000 - 0x00007ff81deaa000 	C:\WINDOWS\System32\powrprof.dll
0x00007ff81de30000 - 0x00007ff81de40000 	C:\WINDOWS\System32\UMPDC.dll
0x00007ff820420000 - 0x00007ff820472000 	C:\WINDOWS\System32\shlwapi.dll
0x00007ff81de40000 - 0x00007ff81de51000 	C:\WINDOWS\System32\kernel.appcore.dll
0x00007ff81e890000 - 0x00007ff81e8a7000 	C:\WINDOWS\System32\cryptsp.dll
0x00000000169a0000 - 0x00000000169a3000 	C:\Program Files\Java\jre1.8.0_221\bin\api-ms-win-core-console-l1-1-0.dll
0x00000000169b0000 - 0x00000000169b3000 	C:\Program Files\Java\jre1.8.0_221\bin\api-ms-win-core-datetime-l1-1-0.dll
0x00000000169c0000 - 0x00000000169c3000 	C:\Program Files\Java\jre1.8.0_221\bin\api-ms-win-core-debug-l1-1-0.dll
0x00000000169d0000 - 0x00000000169d3000 	C:\Program Files\Java\jre1.8.0_221\bin\api-ms-win-core-errorhandling-l1-1-0.dll
0x00000000169e0000 - 0x00000000169e4000 	C:\Program Files\Java\jre1.8.0_221\bin\api-ms-win-core-file-l1-1-0.dll
0x00000000169f0000 - 0x00000000169f3000 	C:\Program Files\Java\jre1.8.0_221\bin\api-ms-win-core-file-l1-2-0.dll
0x0000000016a00000 - 0x0000000016a03000 	C:\Program Files\Java\jre1.8.0_221\bin\api-ms-win-core-file-l2-1-0.dll
0x0000000016a10000 - 0x0000000016a13000 	C:\Program Files\Java\jre1.8.0_221\bin\api-ms-win-core-handle-l1-1-0.dll
0x0000000016a20000 - 0x0000000016a23000 	C:\Program Files\Java\jre1.8.0_221\bin\api-ms-win-core-heap-l1-1-0.dll
0x0000000016a30000 - 0x0000000016a33000 	C:\Program Files\Java\jre1.8.0_221\bin\api-ms-win-core-interlocked-l1-1-0.dll
0x0000000016a40000 - 0x0000000016a43000 	C:\Program Files\Java\jre1.8.0_221\bin\api-ms-win-core-libraryloader-l1-1-0.dll
0x0000000016a50000 - 0x0000000016a53000 	C:\Program Files\Java\jre1.8.0_221\bin\api-ms-win-core-localization-l1-2-0.dll
0x0000000016a60000 - 0x0000000016a63000 	C:\Program Files\Java\jre1.8.0_221\bin\api-ms-win-core-memory-l1-1-0.dll
0x0000000016a70000 - 0x0000000016a73000 	C:\Program Files\Java\jre1.8.0_221\bin\api-ms-win-core-namedpipe-l1-1-0.dll
0x0000000016a80000 - 0x0000000016a83000 	C:\Program Files\Java\jre1.8.0_221\bin\api-ms-win-core-processenvironment-l1-1-0.dll
0x0000000016a90000 - 0x0000000016a93000 	C:\Program Files\Java\jre1.8.0_221\bin\api-ms-win-core-processthreads-l1-1-0.dll
0x0000000016aa0000 - 0x0000000016aa3000 	C:\Program Files\Java\jre1.8.0_221\bin\api-ms-win-core-processthreads-l1-1-1.dll
0x0000000016ab0000 - 0x0000000016ab3000 	C:\Program Files\Java\jre1.8.0_221\bin\api-ms-win-core-profile-l1-1-0.dll
0x0000000016ac0000 - 0x0000000016ac3000 	C:\Program Files\Java\jre1.8.0_221\bin\api-ms-win-core-rtlsupport-l1-1-0.dll
0x0000000016ad0000 - 0x0000000016ad3000 	C:\Program Files\Java\jre1.8.0_221\bin\api-ms-win-core-string-l1-1-0.dll
0x0000000016ae0000 - 0x0000000016ae3000 	C:\Program Files\Java\jre1.8.0_221\bin\api-ms-win-core-synch-l1-1-0.dll
0x0000000016af0000 - 0x0000000016af3000 	C:\Program Files\Java\jre1.8.0_221\bin\api-ms-win-core-synch-l1-2-0.dll
0x0000000016b00000 - 0x0000000016b03000 	C:\Program Files\Java\jre1.8.0_221\bin\api-ms-win-core-sysinfo-l1-1-0.dll
0x0000000016b10000 - 0x0000000016b13000 	C:\Program Files\Java\jre1.8.0_221\bin\api-ms-win-core-timezone-l1-1-0.dll
0x0000000016b20000 - 0x0000000016b23000 	C:\Program Files\Java\jre1.8.0_221\bin\api-ms-win-core-util-l1-1-0.dll
0x0000000016b30000 - 0x0000000016b33000 	C:\Program Files\Java\jre1.8.0_221\bin\api-ms-win-crt-conio-l1-1-0.dll
0x0000000016b40000 - 0x0000000016b44000 	C:\Program Files\Java\jre1.8.0_221\bin\api-ms-win-crt-convert-l1-1-0.dll
0x0000000016b50000 - 0x0000000016b53000 	C:\Program Files\Java\jre1.8.0_221\bin\api-ms-win-crt-environment-l1-1-0.dll
0x0000000016b60000 - 0x0000000016b63000 	C:\Program Files\Java\jre1.8.0_221\bin\api-ms-win-crt-filesystem-l1-1-0.dll
0x0000000016b70000 - 0x0000000016b73000 	C:\Program Files\Java\jre1.8.0_221\bin\api-ms-win-crt-heap-l1-1-0.dll
0x0000000016b80000 - 0x0000000016b83000 	C:\Program Files\Java\jre1.8.0_221\bin\api-ms-win-crt-locale-l1-1-0.dll
0x0000000016b90000 - 0x0000000016b95000 	C:\Program Files\Java\jre1.8.0_221\bin\api-ms-win-crt-math-l1-1-0.dll
0x0000000016ba0000 - 0x0000000016ba5000 	C:\Program Files\Java\jre1.8.0_221\bin\api-ms-win-crt-multibyte-l1-1-0.dll
0x0000000016bb0000 - 0x0000000016bc0000 	C:\Program Files\Java\jre1.8.0_221\bin\api-ms-win-crt-private-l1-1-0.dll
0x0000000016bc0000 - 0x0000000016bc3000 	C:\Program Files\Java\jre1.8.0_221\bin\api-ms-win-crt-process-l1-1-0.dll
0x0000000016bd0000 - 0x0000000016bd4000 	C:\Program Files\Java\jre1.8.0_221\bin\api-ms-win-crt-runtime-l1-1-0.dll
0x0000000016be0000 - 0x0000000016be4000 	C:\Program Files\Java\jre1.8.0_221\bin\api-ms-win-crt-stdio-l1-1-0.dll
0x0000000016bf0000 - 0x0000000016bf4000 	C:\Program Files\Java\jre1.8.0_221\bin\api-ms-win-crt-string-l1-1-0.dll
0x0000000016c00000 - 0x0000000016c03000 	C:\Program Files\Java\jre1.8.0_221\bin\api-ms-win-crt-time-l1-1-0.dll
0x0000000016c10000 - 0x0000000016c13000 	C:\Program Files\Java\jre1.8.0_221\bin\api-ms-win-crt-utility-l1-1-0.dll
0x00007ffff0e00000 - 0x00007ffff0ef6000 	C:\Program Files\Java\jre1.8.0_221\bin\ucrtbase.dll
0x00007ff815060000 - 0x00007ff815076000 	C:\Program Files\Java\jre1.8.0_221\bin\vcruntime140.dll
0x00007fffeb410000 - 0x00007fffeb4ba000 	C:\Program Files\Java\jre1.8.0_221\bin\msvcp140.dll
0x00007ffff4fb0000 - 0x00007ffff5004000 	C:\Program Files\Java\jre1.8.0_221\bin\concrt140.dll
0x00007ff8107b0000 - 0x00007ff8107d3000 	C:\Program Files\Java\jre1.8.0_221\bin\prism_d3d.dll
0x00007ffff6380000 - 0x00007ffff6547000 	C:\WINDOWS\system32\d3d9.dll
0x00007ff81c510000 - 0x00007ff81c53d000 	C:\WINDOWS\SYSTEM32\dwmapi.dll
0x00007ff81caa0000 - 0x00007ff81cac0000 	C:\WINDOWS\SYSTEM32\dxcore.dll
0x00007ff81c0f0000 - 0x00007ff81c189000 	C:\WINDOWS\system32\uxtheme.dll
0x00007fffd15b0000 - 0x00007fffd3aee000 	C:\WINDOWS\SYSTEM32\igdumdim64.dll
0x00007ff81f800000 - 0x00007ff81f8c4000 	C:\WINDOWS\System32\OLEAUT32.dll
0x00007ff81f0c0000 - 0x00007ff81f216000 	C:\WINDOWS\System32\ole32.dll
0x00007ff81ffb0000 - 0x00007ff820420000 	C:\WINDOWS\System32\SETUPAPI.dll
0x00007ff81e810000 - 0x00007ff81e836000 	C:\WINDOWS\System32\bcrypt.dll
0x00007ffffe0d0000 - 0x00007ffffe119000 	C:\Program Files\Java\jre1.8.0_221\bin\glass.dll
0x00007ff81f6a0000 - 0x00007ff81f770000 	C:\WINDOWS\System32\COMDLG32.dll
0x00007ff81f220000 - 0x00007ff81f355000 	C:\WINDOWS\System32\MSCTF.dll
0x00007ff811990000 - 0x00007ff8123d0000 	C:\WINDOWS\SYSTEM32\igdusc64.dll
0x00007ff802860000 - 0x00007ff80288c000 	C:\Program Files\Java\jre1.8.0_221\bin\javafx_iio.dll
0x00007ff814ab0000 - 0x00007ff814ac4000 	C:\Program Files\Java\jre1.8.0_221\bin\javafx_font.dll
0x00007ff814d60000 - 0x00007ff81505e000 	C:\WINDOWS\SYSTEM32\dwrite.dll
0x00007ff81f4d0000 - 0x00007ff81f572000 	C:\WINDOWS\System32\clbcatq.dll
0x00007ff815da0000 - 0x00007ff815f4f000 	C:\WINDOWS\SYSTEM32\WindowsCodecs.dll
0x00007ff8064e0000 - 0x00007ff80651a000 	C:\WINDOWS\system32\dataexchange.dll
0x00007ff81b0d0000 - 0x00007ff81b32b000 	C:\WINDOWS\system32\d3d11.dll
0x00007ff81aed0000 - 0x00007ff81b0ab000 	C:\WINDOWS\system32\dcomp.dll
0x00007ff81cac0000 - 0x00007ff81cbab000 	C:\WINDOWS\system32\dxgi.dll
0x00007ff81c1c0000 - 0x00007ff81c41a000 	C:\WINDOWS\system32\twinapi.appcore.dll
0x00007ff81c540000 - 0x00007ff81c569000 	C:\WINDOWS\system32\RMCLIENT.dll
0x00007ffff0dc0000 - 0x00007ffff0df3000 	C:\Program Files\Common Files\Microsoft Shared\Ink\rtscom.dll
0x00007ff8163b0000 - 0x00007ff81644e000 	C:\WINDOWS\System32\TextInputFramework.dll
0x00007ff816830000 - 0x00007ff816b5a000 	C:\WINDOWS\System32\CoreUIComponents.dll
0x00007ff81b8c0000 - 0x00007ff81b994000 	C:\WINDOWS\System32\CoreMessaging.dll
0x00007ff81ce90000 - 0x00007ff81cec1000 	C:\WINDOWS\SYSTEM32\ntmarta.dll
0x00007ff81b420000 - 0x00007ff81b573000 	C:\WINDOWS\SYSTEM32\wintypes.dll
0x00007ff814050000 - 0x00007ff8142f6000 	C:\WINDOWS\System32\iertutil.dll
0x00007ff810790000 - 0x00007ff8107a1000 	C:\Program Files\Java\jre1.8.0_221\bin\prism_common.dll
0x00007ff81a140000 - 0x00007ff81a700000 	C:\WINDOWS\SYSTEM32\d2d1.dll
0x00007fffed820000 - 0x00007fffedf61000 	C:\WINDOWS\SYSTEM32\D3D10Warp.dll

VM Arguments:
jvm_args: -Dfile.encoding=Cp1252 
java_command: Main
java_class_path (initial): C:\Users\Utente\Desktop\WhatEat2000\bin;C:\Users\Utente\.p2\pool\plugins\org.junit.jupiter.api_5.5.1.v20190826-0900.jar;C:\Users\Utente\.p2\pool\plugins\org.junit.jupiter.engine_5.5.1.v20190826-0900.jar;C:\Users\Utente\.p2\pool\plugins\org.junit.jupiter.migrationsupport_5.5.1.v20190826-0900.jar;C:\Users\Utente\.p2\pool\plugins\org.junit.jupiter.params_5.5.1.v20190826-0900.jar;C:\Users\Utente\.p2\pool\plugins\org.junit.platform.commons_1.5.1.v20190826-0900.jar;C:\Users\Utente\.p2\pool\plugins\org.junit.platform.engine_1.5.1.v20190826-0900.jar;C:\Users\Utente\.p2\pool\plugins\org.junit.platform.launcher_1.5.1.v20190826-0900.jar;C:\Users\Utente\.p2\pool\plugins\org.junit.platform.runner_1.5.1.v20190826-0900.jar;C:\Users\Utente\.p2\pool\plugins\org.junit.platform.suite.api_1.5.1.v20190826-0900.jar;C:\Users\Utente\.p2\pool\plugins\org.junit.vintage.engine_5.5.1.v20190826-0900.jar;C:\Users\Utente\.p2\pool\plugins\org.opentest4j_1.2.0.v20190826-0900.jar;C:\Users\Utente\.p2\pool\plugins\org.apiguardian_1.1.0.v20190826-0900.jar;C:\Users\Utente\.p2\pool\plugins\org.junit_4.12.0.v201504281640\junit.jar;C:\Users\Utente\.p2\pool\plugins\org.hamcrest.core_1.3.0.v20180420-1519.jar;C:\Users\Utente\Downloads\postgresql-42.2.9.jar
Launcher Type: SUN_STANDARD

Environment Variables:
JAVA_HOME=C:\Program Files\Java\jdk-11
PATH=C:/Program Files/Java/jre1.8.0_221/bin/server;C:/Program Files/Java/jre1.8.0_221/bin;C:/Program Files/Java/jre1.8.0_221/lib/amd64;C:\Program Files (x86)\Common Files\Oracle\Java\javapath;C:\Program Files (x86)\Scripts\;C:\Program Files (x86)\;C:\WINDOWS\system32;C:\WINDOWS;C:\WINDOWS\System32\Wbem;C:\WINDOWS\System32\WindowsPowerShell\v1.0\;C:\Program Files (x86)\Skype\Phone\;C:\Program Files (x86)\Windows Live\Shared;'C:\\Program Files (x86)';C:\Program Files\mingw-w64;C:\WINDOWS\System32\OpenSSH\;C:\Program Files\Java\jdk-11\bin;C:\Program Files\TortoiseSVN\bin;C:\Program Files\mingw-w64;C:\Users\Utente\AppData\Local\Microsoft\WindowsApps;C:\Program Files\Java\jdk-11\bin;;C:\Users\Utente\Desktop;
USERNAME=Utente
OS=Windows_NT
PROCESSOR_IDENTIFIER=Intel64 Family 6 Model 61 Stepping 4, GenuineIntel



---------------  S Y S T E M  ---------------

OS: Windows 10.0 , 64 bit Build 18362 (10.0.18362.329)

CPU:total 4 (initial active 4) (2 cores per cpu, 2 threads per core) family 6 model 61 stepping 4, cmov, cx8, fxsr, mmx, sse, sse2, sse3, ssse3, sse4.1, sse4.2, popcnt, avx, avx2, aes, clmul, erms, 3dnowpref, lzcnt, ht, tsc, tscinvbit, bmi1, bmi2, adx

Memory: 4k page, physical 4111296k(358136k free), swap 7900096k(6664k free)

vm_info: Java HotSpot(TM) 64-Bit Server VM (25.221-b11) for windows-amd64 JRE (1.8.0_221-b11), built on Jul  4 2019 04:39:29 by "java_re" with MS VC++ 10.0 (VS2010)

time: Fri Jan 03 19:58:04 2020
timezone: ora solare Europa occidentale
elapsed time: 13 seconds (0d 0h 0m 13s)

